Result of /data/leuven/370/vsc37064/new_queries_named_graph_predicate/query_53.txt:
OpenLink Virtuoso Interactive SQL (Virtuoso)
Version 07.20.3240 as of Mar 11 2025
Type HELP; for help and EXIT; to exit.
Connected to OpenLink Virtuoso
Driver: 07.20.3240 OpenLink Virtuoso ODBC Driver
label                                                                             runID                                                                             avgPrecision                                                                      hpLabels                                                                          hpSettingValues
LONG VARCHAR                                                                      LONG VARCHAR                                                                      LONG VARCHAR                                                                      LONG VARCHAR                                                                      LONG VARCHAR
_______________________________________________________________________________

keras.wrappers.scikit_learn.KerasClassifier(InputLayer,Reshape,Reshape,ZeroPadding2D,Conv2D,Conv2D,BatchNormalization,Activation,Conv2D,BatchNormalization,Activation,Conv2D,Conv2D,Add,BatchNormalization,Activation,Conv2D,BatchNormalization,Activation,Conv2D,BatchNormalization,Activation,Conv2D,Conv2D,Add,BatchNormalization,Activation,Conv2D,BatchNormalization,Activation,Conv2D,BatchNormalization,Activation,Conv2D,Conv2D,Add,BatchNormalization,Activation,AveragePooling2D,Flatten,Dense)(1)                                                                                  http://w3id.org/mlsea/openml/run/9204309                                                                                  0                                                                                  batch_size
build_fn
epochs
layer0
layer1
layer10
layer11
layer12
layer13
layer14
layer15
layer16
layer17
layer18
layer19
layer2
layer20
layer21
layer22
layer23
layer24
layer25
layer26
layer27
layer28
layer29
layer3
layer30
layer31
layer32
layer33
layer34
layer35
layer36
layer37
layer38
layer39
layer4
layer40
layer5
layer6
layer7
layer8
layer9
verbose                                                                                  32
{'oml-python:serialized_object': 'function', 'value': '__main__.resnet20v2_umistfacescropped_umistfacescropped_5_32_False'}
5
{'class_name': 'InputLayer', 'config': {'batch_input_shape': [null, 10304], 'dtype': 'float32', 'name': 'input_72', 'sparse': false}, 'inbound_nodes': [], 'name': 'input_72'}
{'class_name': 'Reshape', 'config': {'name': 'reshape_143', 'target_shape': [112, 92, 1], 'trainable': true}, 'inbound_nodes': [[['input_72', 0, 0, {}]]], 'name': 'reshape_143'}
{'class_name': 'Activation', 'config': {'activation': 'relu', 'name': 'activation_641', 'trainable': true}, 'inbound_nodes': [[['batch_normalization_641', 0, 0, {}]]], 'name': 'activation_641'}
{'class_name': 'Conv2D', 'config': {'activation': 'linear', 'activity_regularizer': null, 'bias_constraint': null, 'bias_initializer': {'class_name': 'Zeros', 'config': {}}, 'bias_regularizer': null, 'data_format': 'channels_last', 'dilation_rate': [1, 1], 'filters': 64, 'kernel_constraint': null, 'kernel_initializer': {'class_name': 'VarianceScaling', 'config': {'distribution': 'normal', 'mode': 'fan_in', 'scale': 2.0, 'seed': null}}, 'kernel_regularizer': {'class_name': 'L1L2', 'config': {'l1': 0.0, 'l2': 9.999999747378752e-05}}, 'kernel_size': [1, 1], 'name': 'conv2d_928', 'padding': 'same', 'strides': [1, 1], 'trainable': true, 'use_bias': true}, 'inbound_nodes': [[['conv2d_924', 0, 0, {}]]], 'name': 'conv2d_928'}
{'class_name': 'Conv2D', 'config': {'activation': 'linear', 'activity_regularizer': null, 'bias_constraint': null, 'bias_initializer': {'class_name': 'Zeros', 'config': {}}, 'bias_regularizer': null, 'data_format': 'channels_last', 'dilation_rate': [1, 1], 'filters': 64, 'kernel_constraint': null, 'kernel_initializer': {'class_name': 'VarianceScaling', 'config': {'distribution': 'normal', 'mode': 'fan_in', 'scale': 2.0, 'seed': null}}, 'kernel_regularizer': {'class_name': 'L1L2', 'config': {'l1': 0.0, 'l2': 9.999999747378752e-05}}, 'kernel_size': [1, 1], 'name': 'conv2d_927', 'padding': 'same', 'strides': [1, 1], 'trainable': true, 'use_bias': true}, 'inbound_nodes': [[['activation_641', 0, 0, {}]]], 'name': 'conv2d_927'}
{'class_name': 'Add', 'config': {'name': 'add_214', 'trainable': true}, 'inbound_nodes': [[['conv2d_928', 0, 0, {}], ['conv2d_927', 0, 0, {}]]], 'name': 'add_214'}
{'class_name': 'BatchNormalization', 'config': {'axis': -1, 'beta_constraint': null, 'beta_initializer': {'class_name': 'Zeros', 'config': {}}, 'beta_regularizer': null, 'center': true, 'epsilon': 0.001, 'gamma_constraint': null, 'gamma_initializer': {'class_name': 'Ones', 'config': {}}, 'gamma_regularizer': null, 'momentum': 0.99, 'moving_mean_initializer': {'class_name': 'Zeros', 'config': {}}, 'moving_variance_initializer': {'class_name': 'Ones', 'config': {}}, 'name': 'batch_normalization_642', 'scale': true, 'trainable': true}, 'inbound_nodes': [[['add_214', 0, 0, {}]]], 'name': 'batch_normalization_642'}
{'class_name': 'Activation', 'config': {'activation': 'relu', 'name': 'activation_642', 'trainable': true}, 'inbound_nodes': [[['batch_normalization_642', 0, 0, {}]]], 'name': 'activation_642'}
{'class_name': 'Conv2D', 'config': {'activation': 'linear', 'activity_regularizer': null, 'bias_constraint': null, 'bias_initializer': {'class_name': 'Zeros', 'config': {}}, 'bias_regularizer': null, 'data_format': 'channels_last', 'dilation_rate': [1, 1], 'filters': 64, 'kernel_constraint': null, 'kernel_initializer': {'class_name': 'VarianceScaling', 'config': {'distribution': 'normal', 'mode': 'fan_in', 'scale': 2.0, 'seed': null}}, 'kernel_regularizer': {'class_name': 'L1L2', 'config': {'l1': 0.0, 'l2': 9.999999747378752e-05}}, 'kernel_size': [1, 1], 'name': 'conv2d_929', 'padding': 'same', 'strides': [2, 2], 'trainable': true, 'use_bias': true}, 'inbound_nodes': [[['activation_642', 0, 0, {}]]], 'name': 'conv2d_929'}
{'class_name': 'BatchNormalization', 'config': {'axis': -1, 'beta_constraint': null, 'beta_initializer': {'class_name': 'Zeros', 'config': {}}, 'beta_regularizer': null, 'center': true, 'epsilon': 0.001, 'gamma_constraint': null, 'gamma_initializer': {'class_name': 'Ones', 'config': {}}, 'gamma_regularizer': null, 'momentum': 0.99, 'moving_mean_initializer': {'class_name': 'Zeros', 'config': {}}, 'moving_variance_initializer': {'class_name': 'Ones', 'config': {}}, 'name': 'batch_normalization_643', 'scale': true, 'trainable': true}, 'inbound_nodes': [[['conv2d_929', 0, 0, {}]]], 'name': 'batch_normalization_643'}
{'class_name': 'Activation', 'config': {'activation': 'relu', 'name': 'activation_643', 'trainable': true}, 'inbound_nodes': [[['batch_normalization_643', 0, 0, {}]]], 'name': 'activation_643'}
{'class_name': 'Conv2D', 'config': {'activation': 'linear', 'activity_regularizer': null, 'bias_constraint': null, 'bias_initializer': {'class_name': 'Zeros', 'config': {}}, 'bias_regularizer': null, 'data_format': 'channels_last', 'dilation_rate': [1, 1], 'filters': 64, 'kernel_constraint': null, 'kernel_initializer': {'class_name': 'VarianceScaling', 'config': {'distribution': 'normal', 'mode': 'fan_in', 'scale': 2.0, 'seed': null}}, 'kernel_regularizer': {'class_name': 'L1L2', 'config': {'l1': 0.0, 'l2': 9.999999747378752e-05}}, 'kernel_size': [3, 3], 'name': 'conv2d_930', 'padding': 'same', 'strides': [1, 1], 'trainable': true, 'use_bias': true}, 'inbound_nodes': [[['activation_643', 0, 0, {}]]], 'name': 'conv2d_930'}
{'class_name': 'Reshape', 'config': {'name': 'reshape_144', 'target_shape': [112, 92, 1], 'trainable': true}, 'inbound_nodes': [[['reshape_143', 0, 0, {}]]], 'name': 'reshape_144'}
{'class_name': 'BatchNormalization', 'config': {'axis': -1, 'beta_constraint': null, 'beta_initializer': {'class_name': 'Zeros', 'config': {}}, 'beta_regularizer': null, 'center': true, 'epsilon': 0.001, 'gamma_constraint': null, 'gamma_initializer': {'class_name': 'Ones', 'config': {}}, 'gamma_regularizer': null, 'momentum': 0.99, 'moving_mean_initializer': {'class_name': 'Zeros', 'config': {}}, 'moving_variance_initializer': {'class_name': 'Ones', 'config': {}}, 'name': 'batch_normalization_644', 'scale': true, 'trainable': true}, 'inbound_nodes': [[['conv2d_930', 0, 0, {}]]], 'name': 'batch_normalization_644'}
{'class_name': 'Activation', 'config': {'activation': 'relu', 'name': 'activation_644', 'trainable': true}, 'inbound_nodes': [[['batch_normalization_644', 0, 0, {}]]], 'name': 'activation_644'}
{'class_name': 'Conv2D', 'config': {'activation': 'linear', 'activity_regularizer': null, 'bias_constraint': null, 'bias_initializer': {'class_name': 'Zeros', 'config': {}}, 'bias_regularizer': null, 'data_format': 'channels_last', 'dilation_rate': [1, 1], 'filters': 128, 'kernel_constraint': null, 'kernel_initializer': {'class_name': 'VarianceScaling', 'config': {'distribution': 'normal', 'mode': 'fan_in', 'scale': 2.0, 'seed': null}}, 'kernel_regularizer': {'class_name': 'L1L2', 'config': {'l1': 0.0, 'l2': 9.999999747378752e-05}}, 'kernel_size': [1, 1], 'name': 'conv2d_932', 'padding': 'same', 'strides': [2, 2], 'trainable': true, 'use_bias': true}, 'inbound_nodes': [[['add_214', 0, 0, {}]]], 'name': 'conv2d_932'}
{'class_name': 'Conv2D', 'config': {'activation': 'linear', 'activity_regularizer': null, 'bias_constraint': null, 'bias_initializer': {'class_name': 'Zeros', 'config': {}}, 'bias_regularizer': null, 'data_format': 'channels_last', 'dilation_rate': [1, 1], 'filters': 128, 'kernel_constraint': null, 'kernel_initializer': {'class_name': 'VarianceScaling', 'config': {'distribution': 'normal', 'mode': 'fan_in', 'scale': 2.0, 'seed': null}}, 'kernel_regularizer': {'class_name': 'L1L2', 'config': {'l1': 0.0, 'l2': 9.999999747378752e-05}}, 'kernel_size': [1, 1], 'name': 'conv2d_931', 'padding': 'same', 'strides': [1, 1], 'trainable': true, 'use_bias': true}, 'inbound_nodes': [[['activation_644', 0, 0, {}]]], 'name': 'conv2d_931'}
{'class_name': 'Add', 'config': {'name': 'add_215', 'trainable': true}, 'inbound_nodes': [[['conv2d_932', 0, 0, {}], ['conv2d_931', 0, 0, {}]]], 'name': 'add_215'}
{'class_name': 'BatchNormalization', 'config': {'axis': -1, 'beta_constraint': null, 'beta_initializer': {'class_name': 'Zeros', 'config': {}}, 'beta_regularizer': null, 'center': true, 'epsilon': 0.001, 'gamma_constraint': null, 'gamma_initializer': {'class_name': 'Ones', 'config': {}}, 'gamma_regularizer': null, 'momentum': 0.99, 'moving_mean_initializer': {'class_name': 'Zeros', 'config': {}}, 'moving_variance_initializer': {'class_name': 'Ones', 'config': {}}, 'name': 'batch_normalization_645', 'scale': true, 'trainable': true}, 'inbound_nodes': [[['add_215', 0, 0, {}]]], 'name': 'batch_normalization_645'}
{'class_name': 'Activation', 'config': {'activation': 'relu', 'name': 'activation_645', 'trainable': true}, 'inbound_nodes': [[['batch_normalization_645', 0, 0, {}]]], 'name': 'activation_645'}
{'class_name': 'Conv2D', 'config': {'activation': 'linear', 'activity_regularizer': null, 'bias_constraint': null, 'bias_initializer': {'class_name': 'Zeros', 'config': {}}, 'bias_regularizer': null, 'data_format': 'channels_last', 'dilation_rate': [1, 1], 'filters': 128, 'kernel_constraint': null, 'kernel_initializer': {'class_name': 'VarianceScaling', 'config': {'distribution': 'normal', 'mode': 'fan_in', 'scale': 2.0, 'seed': null}}, 'kernel_regularizer': {'class_name': 'L1L2', 'config': {'l1': 0.0, 'l2': 9.999999747378752e-05}}, 'kernel_size': [1, 1], 'name': 'conv2d_933', 'padding': 'same', 'strides': [2, 2], 'trainable': true, 'use_bias': true}, 'inbound_nodes': [[['activation_645', 0, 0, {}]]], 'name': 'conv2d_933'}
{'class_name': 'BatchNormalization', 'config': {'axis': -1, 'beta_constraint': null, 'beta_initializer': {'class_name': 'Zeros', 'config': {}}, 'beta_regularizer': null, 'center': true, 'epsilon': 0.001, 'gamma_constraint': null, 'gamma_initializer': {'class_name': 'Ones', 'config': {}}, 'gamma_regularizer': null, 'momentum': 0.99, 'moving_mean_initializer': {'class_name': 'Zeros', 'config': {}}, 'moving_variance_initializer': {'class_name': 'Ones', 'config': {}}, 'name': 'batch_normalization_646', 'scale': true, 'trainable': true}, 'inbound_nodes': [[['conv2d_933', 0, 0, {}]]], 'name': 'batch_normalization_646'}
{'class_name': 'Activation', 'config': {'activation': 'relu', 'name': 'activation_646', 'trainable': true}, 'inbound_nodes': [[['batch_normalization_646', 0, 0, {}]]], 'name': 'activation_646'}
{'class_name': 'ZeroPadding2D', 'config': {'data_format': 'channels_last', 'name': 'zero_padding2d_72', 'padding': [[2, 2], [2, 2]], 'trainable': true}, 'inbound_nodes': [[['reshape_144', 0, 0, {}]]], 'name': 'zero_padding2d_72'}
{'class_name': 'Conv2D', 'config': {'activation': 'linear', 'activity_regularizer': null, 'bias_constraint': null, 'bias_initializer': {'class_name': 'Zeros', 'config': {}}, 'bias_regularizer': null, 'data_format': 'channels_last', 'dilation_rate': [1, 1], 'filters': 128, 'kernel_constraint': null, 'kernel_initializer': {'class_name': 'VarianceScaling', 'config': {'distribution': 'normal', 'mode': 'fan_in', 'scale': 2.0, 'seed': null}}, 'kernel_regularizer': {'class_name': 'L1L2', 'config': {'l1': 0.0, 'l2': 9.999999747378752e-05}}, 'kernel_size': [3, 3], 'name': 'conv2d_934', 'padding': 'same', 'strides': [1, 1], 'trainable': true, 'use_bias': true}, 'inbound_nodes': [[['activation_646', 0, 0, {}]]], 'name': 'conv2d_934'}
{'class_name': 'BatchNormalization', 'config': {'axis': -1, 'beta_constraint': null, 'beta_initializer': {'class_name': 'Zeros', 'config': {}}, 'beta_regularizer': null, 'center': true, 'epsilon': 0.001, 'gamma_constraint': null, 'gamma_initializer': {'class_name': 'Ones', 'config': {}}, 'gamma_regularizer': null, 'momentum': 0.99, 'moving_mean_initializer': {'class_name': 'Zeros', 'config': {}}, 'moving_variance_initializer': {'class_name': 'Ones', 'config': {}}, 'name': 'batch_normalization_647', 'scale': true, 'trainable': true}, 'inbound_nodes': [[['conv2d_934', 0, 0, {}]]], 'name': 'batch_normalization_647'}
{'class_name': 'Activation', 'config': {'activation': 'relu', 'name': 'activation_647', 'trainable': true}, 'inbound_nodes': [[['batch_normalization_647', 0, 0, {}]]], 'name': 'activation_647'}
{'class_name': 'Conv2D', 'config': {'activation': 'linear', 'activity_regularizer': null, 'bias_constraint': null, 'bias_initializer': {'class_name': 'Zeros', 'config': {}}, 'bias_regularizer': null, 'data_format': 'channels_last', 'dilation_rate': [1, 1], 'filters': 256, 'kernel_constraint': null, 'kernel_initializer': {'class_name': 'VarianceScaling', 'config': {'distribution': 'normal', 'mode': 'fan_in', 'scale': 2.0, 'seed': null}}, 'kernel_regularizer': {'class_name': 'L1L2', 'config': {'l1': 0.0, 'l2': 9.999999747378752e-05}}, 'kernel_size': [1, 1], 'name': 'conv2d_936', 'padding': 'same', 'strides': [2, 2], 'trainable': true, 'use_bias': true}, 'inbound_nodes': [[['add_215', 0, 0, {}]]], 'name': 'conv2d_936'}
{'class_name': 'Conv2D', 'config': {'activation': 'linear', 'activity_regularizer': null, 'bias_constraint': null, 'bias_initializer': {'class_name': 'Zeros', 'config': {}}, 'bias_regularizer': null, 'data_format': 'channels_last', 'dilation_rate': [1, 1], 'filters': 256, 'kernel_constraint': null, 'kernel_initializer': {'class_name': 'VarianceScaling', 'config': {'distribution': 'normal', 'mode': 'fan_in', 'scale': 2.0, 'seed': null}}, 'kernel_regularizer': {'class_name': 'L1L2', 'config': {'l1': 0.0, 'l2': 9.999999747378752e-05}}, 'kernel_size': [1, 1], 'name': 'conv2d_935', 'padding': 'same', 'strides': [1, 1], 'trainable': true, 'use_bias': true}, 'inbound_nodes': [[['activation_647', 0, 0, {}]]], 'name': 'conv2d_935'}
{'class_name': 'Add', 'config': {'name': 'add_216', 'trainable': true}, 'inbound_nodes': [[['conv2d_936', 0, 0, {}], ['conv2d_935', 0, 0, {}]]], 'name': 'add_216'}
{'class_name': 'BatchNormalization', 'config': {'axis': -1, 'beta_constraint': null, 'beta_initializer': {'class_name': 'Zeros', 'config': {}}, 'beta_regularizer': null, 'center': true, 'epsilon': 0.001, 'gamma_constraint': null, 'gamma_initializer': {'class_name': 'Ones', 'config': {}}, 'gamma_regularizer': null, 'momentum': 0.99, 'moving_mean_initializer': {'class_name': 'Zeros', 'config': {}}, 'moving_variance_initializer': {'class_name': 'Ones', 'config': {}}, 'name': 'batch_normalization_648', 'scale': true, 'trainable': true}, 'inbound_nodes': [[['add_216', 0, 0, {}]]], 'name': 'batch_normalization_648'}
{'class_name': 'Activation', 'config': {'activation': 'relu', 'name': 'activation_648', 'trainable': true}, 'inbound_nodes': [[['batch_normalization_648', 0, 0, {}]]], 'name': 'activation_648'}
{'class_name': 'AveragePooling2D', 'config': {'data_format': 'channels_last', 'name': 'average_pooling2d_72', 'padding': 'valid', 'pool_size': [8, 8], 'strides': [8, 8], 'trainable': true}, 'inbound_nodes': [[['activation_648', 0, 0, {}]]], 'name': 'average_pooling2d_72'}
{'class_name': 'Flatten', 'config': {'data_format': 'channels_last', 'name': 'flatten_72', 'trainable': true}, 'inbound_nodes': [[['average_pooling2d_72', 0, 0, {}]]], 'name': 'flatten_72'}
{'class_name': 'Conv2D', 'config': {'activation': 'linear', 'activity_regularizer': null, 'bias_constraint': null, 'bias_initializer': {'class_name': 'Zeros', 'config': {}}, 'bias_regularizer': null, 'data_format': 'channels_last', 'dilation_rate': [1, 1], 'filters': 16, 'kernel_constraint': null, 'kernel_initializer': {'class_name': 'VarianceScaling', 'config': {'distribution': 'normal', 'mode': 'fan_in', 'scale': 2.0, 'seed': null}}, 'kernel_regularizer': {'class_name': 'L1L2', 'config': {'l1': 0.0, 'l2': 9.999999747378752e-05}}, 'kernel_size': [3, 3], 'name': 'conv2d_924', 'padding': 'same', 'strides': [1, 1], 'trainable': false, 'use_bias': true}, 'inbound_nodes': [[['zero_padding2d_72', 0, 0, {}]]], 'name': 'conv2d_924'}
{'class_name': 'Dense', 'config': {'activation': 'softmax', 'activity_regularizer': null, 'bias_constraint': null, 'bias_initializer': {'class_name': 'Zeros', 'config': {}}, 'bias_regularizer': null, 'kernel_constraint': null, 'kernel_initializer': {'class_name': 'VarianceScaling', 'config': {'distribution': 'normal', 'mode': 'fan_in', 'scale': 2.0, 'seed': null}}, 'kernel_regularizer': null, 'name': 'dense_72', 'trainable': true, 'units': 20, 'use_bias': true}, 'inbound_nodes': [[['flatten_72', 0, 0, {}]]], 'name': 'dense_72'}
{'class_name': 'Conv2D', 'config': {'activation': 'linear', 'activity_regularizer': null, 'bias_constraint': null, 'bias_initializer': {'class_name': 'Zeros', 'config': {}}, 'bias_regularizer': null, 'data_format': 'channels_last', 'dilation_rate': [1, 1], 'filters': 16, 'kernel_constraint': null, 'kernel_initializer': {'class_name': 'VarianceScaling', 'config': {'distribution': 'normal', 'mode': 'fan_in', 'scale': 2.0, 'seed': null}}, 'kernel_regularizer': {'class_name': 'L1L2', 'config': {'l1': 0.0, 'l2': 9.999999747378752e-05}}, 'kernel_size': [1, 1], 'name': 'conv2d_925', 'padding': 'same', 'strides': [1, 1], 'trainable': false, 'use_bias': true}, 'inbound_nodes': [[['conv2d_924', 0, 0, {}]]], 'name': 'conv2d_925'}
{'class_name': 'BatchNormalization', 'config': {'axis': -1, 'beta_constraint': null, 'beta_initializer': {'class_name': 'Zeros', 'config': {}}, 'beta_regularizer': null, 'center': true, 'epsilon': 0.001, 'gamma_constraint': null, 'gamma_initializer': {'class_name': 'Ones', 'config': {}}, 'gamma_regularizer': null, 'momentum': 0.99, 'moving_mean_initializer': {'class_name': 'Zeros', 'config': {}}, 'moving_variance_initializer': {'class_name': 'Ones', 'config': {}}, 'name': 'batch_normalization_640', 'scale': true, 'trainable': true}, 'inbound_nodes': [[['conv2d_925', 0, 0, {}]]], 'name': 'batch_normalization_640'}
{'class_name': 'Activation', 'config': {'activation': 'relu', 'name': 'activation_640', 'trainable': true}, 'inbound_nodes': [[['batch_normalization_640', 0, 0, {}]]], 'name': 'activation_640'}
{'class_name': 'Conv2D', 'config': {'activation': 'linear', 'activity_regularizer': null, 'bias_constraint': null, 'bias_initializer': {'class_name': 'Zeros', 'config': {}}, 'bias_regularizer': null, 'data_format': 'channels_last', 'dilation_rate': [1, 1], 'filters': 16, 'kernel_constraint': null, 'kernel_initializer': {'class_name': 'VarianceScaling', 'config': {'distribution': 'normal', 'mode': 'fan_in', 'scale': 2.0, 'seed': null}}, 'kernel_regularizer': {'class_name': 'L1L2', 'config': {'l1': 0.0, 'l2': 9.999999747378752e-05}}, 'kernel_size': [3, 3], 'name': 'conv2d_926', 'padding': 'same', 'strides': [1, 1], 'trainable': true, 'use_bias': true}, 'inbound_nodes': [[['activation_640', 0, 0, {}]]], 'name': 'conv2d_926'}
{'class_name': 'BatchNormalization', 'config': {'axis': -1, 'beta_constraint': null, 'beta_initializer': {'class_name': 'Zeros', 'config': {}}, 'beta_regularizer': null, 'center': true, 'epsilon': 0.001, 'gamma_constraint': null, 'gamma_initializer': {'class_name': 'Ones', 'config': {}}, 'gamma_regularizer': null, 'momentum': 0.99, 'moving_mean_initializer': {'class_name': 'Zeros', 'config': {}}, 'moving_variance_initializer': {'class_name': 'Ones', 'config': {}}, 'name': 'batch_normalization_641', 'scale': true, 'trainable': true}, 'inbound_nodes': [[['conv2d_926', 0, 0, {}]]], 'name': 'batch_normalization_641'}
2

1 Rows. -- 1778932 msec.
