Result of /data/leuven/370/vsc37064/new_queries_named_graph_type_split/query_53.txt:
OpenLink Virtuoso Interactive SQL (Virtuoso)
Version 07.20.3240 as of Mar 11 2025
Type HELP; for help and EXIT; to exit.
Connected to OpenLink Virtuoso
Driver: 07.20.3240 OpenLink Virtuoso ODBC Driver
label                                                                             runID                                                                             avgPrecision                                                                      hpLabels                                                                          hpSettingValues
LONG VARCHAR                                                                      LONG VARCHAR                                                                      LONG VARCHAR                                                                      LONG VARCHAR                                                                      LONG VARCHAR
_______________________________________________________________________________

keras.wrappers.scikit_learn.KerasClassifier(Reshape,Conv2D,MaxPooling2D,Activation,Conv2D,MaxPooling2D,Activation,Dropout,Conv2D,Flatten,Dense,Activation,Dense,Activation)(5)                                                                                  http://w3id.org/mlsea/openml/run/9203869                                                                                  0                                                                                  layer1
layer10
layer13
layer2
layer6
batch_size
build_fn
epochs
layer0
layer11
layer12
layer3
layer4
layer5
layer7
layer8
layer9
verbose                                                                                  {'class_name': 'Conv2D', 'config': {'activation': 'linear', 'activity_regularizer': null, 'batch_input_shape': [null, 3, 96, 96], 'bias_constraint': null, 'bias_initializer': {'class_name': 'Zeros', 'config': {}}, 'bias_regularizer': null, 'data_format': 'channels_last', 'dilation_rate': [1, 1], 'dtype': 'float32', 'filters': 6, 'kernel_constraint': null, 'kernel_initializer': {'class_name': 'VarianceScaling', 'config': {'distribution': 'uniform', 'mode': 'fan_avg', 'scale': 1.0, 'seed': null}}, 'kernel_regularizer': null, 'kernel_size': [5, 5], 'name': 'conv2d_1', 'padding': 'valid', 'strides': [1, 1], 'trainable': true, 'use_bias': true}}
{'class_name': 'Dense', 'config': {'activation': 'linear', 'activity_regularizer': null, 'bias_constraint': null, 'bias_initializer': {'class_name': 'Zeros', 'config': {}}, 'bias_regularizer': null, 'kernel_constraint': null, 'kernel_initializer': {'class_name': 'VarianceScaling', 'config': {'distribution': 'uniform', 'mode': 'fan_avg', 'scale': 1.0, 'seed': null}}, 'kernel_regularizer': null, 'name': 'dense_1', 'trainable': true, 'units': 84, 'use_bias': true}}
{'class_name': 'Activation', 'config': {'activation': 'softmax', 'name': 'activation_4', 'trainable': true}}
{'class_name': 'MaxPooling2D', 'config': {'data_format': 'channels_last', 'name': 'max_pooling2d_1', 'padding': 'valid', 'pool_size': [2, 2], 'strides': [2, 2], 'trainable': true}}
{'class_name': 'Activation', 'config': {'activation': 'sigmoid', 'name': 'activation_2', 'trainable': true}}
128
{'oml-python:serialized_object': 'function', 'value': '__main__.lenet'}
5
{'class_name': 'Reshape', 'config': {'batch_input_shape': [null, 27648], 'dtype': 'float32', 'name': 'reshape_1', 'target_shape': [96, 96, 3], 'trainable': true}}
{'class_name': 'Activation', 'config': {'activation': 'sigmoid', 'name': 'activation_3', 'trainable': true}}
{'class_name': 'Dense', 'config': {'activation': 'linear', 'activity_regularizer': null, 'bias_constraint': null, 'bias_initializer': {'class_name': 'Zeros', 'config': {}}, 'bias_regularizer': null, 'kernel_constraint': null, 'kernel_initializer': {'class_name': 'VarianceScaling', 'config': {'distribution': 'uniform', 'mode': 'fan_avg', 'scale': 1.0, 'seed': null}}, 'kernel_regularizer': null, 'name': 'dense_2', 'trainable': true, 'units': 10, 'use_bias': true}}
{'class_name': 'Activation', 'config': {'activation': 'sigmoid', 'name': 'activation_1', 'trainable': true}}
{'class_name': 'Conv2D', 'config': {'activation': 'linear', 'activity_regularizer': null, 'bias_constraint': null, 'bias_initializer': {'class_name': 'Zeros', 'config': {}}, 'bias_regularizer': null, 'data_format': 'channels_last', 'dilation_rate': [1, 1], 'filters': 16, 'kernel_constraint': null, 'kernel_initializer': {'class_name': 'VarianceScaling', 'config': {'distribution': 'uniform', 'mode': 'fan_avg', 'scale': 1.0, 'seed': null}}, 'kernel_regularizer': null, 'kernel_size': [5, 5], 'name': 'conv2d_2', 'padding': 'valid', 'strides': [1, 1], 'trainable': true, 'use_bias': true}}
{'class_name': 'MaxPooling2D', 'config': {'data_format': 'channels_last', 'name': 'max_pooling2d_2', 'padding': 'valid', 'pool_size': [2, 2], 'strides': [2, 2], 'trainable': true}}
{'class_name': 'Dropout', 'config': {'name': 'dropout_1', 'noise_shape': null, 'rate': 0.5, 'seed': null, 'trainable': true}}
{'class_name': 'Conv2D', 'config': {'activation': 'linear', 'activity_regularizer': null, 'bias_constraint': null, 'bias_initializer': {'class_name': 'Zeros', 'config': {}}, 'bias_regularizer': null, 'data_format': 'channels_last', 'dilation_rate': [1, 1], 'filters': 120, 'kernel_constraint': null, 'kernel_initializer': {'class_name': 'VarianceScaling', 'config': {'distribution': 'uniform', 'mode': 'fan_avg', 'scale': 1.0, 'seed': null}}, 'kernel_regularizer': null, 'kernel_size': [1, 1], 'name': 'conv2d_3', 'padding': 'valid', 'strides': [1, 1], 'trainable': true, 'use_bias': true}}
{'class_name': 'Flatten', 'config': {'data_format': 'channels_last', 'name': 'flatten_1', 'trainable': true}}
2

1 Rows. -- 74537 msec.
