Result of /data/leuven/370/vsc37064/new_queries_named_graph_join_order/query_53.txt:
OpenLink Virtuoso Interactive SQL (Virtuoso)
Version 07.20.3240 as of Mar 11 2025
Type HELP; for help and EXIT; to exit.
Connected to OpenLink Virtuoso
Driver: 07.20.3240 OpenLink Virtuoso ODBC Driver
label                                                                             runID                                                                             avgPrecision                                                                      hpLabels                                                                          hpSettingValues
LONG VARCHAR                                                                      LONG VARCHAR                                                                      LONG VARCHAR                                                                      LONG VARCHAR                                                                      LONG VARCHAR
_______________________________________________________________________________

keras.wrappers.scikit_learn.KerasClassifier(Reshape,Conv2D,Conv2D,MaxPooling2D,BatchNormalization,Conv2D,Conv2D,MaxPooling2D,BatchNormalization,Conv2D,Conv2D,Conv2D,MaxPooling2D,BatchNormalization,Flatten,Dense,Dropout,Dense,Dropout,Dense)(1)                                                                                  http://w3id.org/mlsea/openml/run/9203795                                                                                  0                                                                                  layer1
layer3
layer16
layer6
layer7
build_fn
layer13
layer19
layer4
layer8
layer9
verbose
batch_size
epochs
layer0
layer11
layer12
layer15
layer17
layer5
layer10
layer18
layer2
layer14                                                                                  {'class_name': 'Conv2D', 'config': {'activation': 'relu', 'activity_regularizer': null, 'bias_constraint': null, 'bias_initializer': {'class_name': 'Zeros', 'config': {}}, 'bias_regularizer': null, 'data_format': 'channels_last', 'dilation_rate': [1, 1], 'filters': 64, 'kernel_constraint': null, 'kernel_initializer': {'class_name': 'VarianceScaling', 'config': {'distribution': 'uniform', 'mode': 'fan_avg', 'scale': 1.0, 'seed': null}}, 'kernel_regularizer': null, 'kernel_size': [3, 3], 'name': 'conv2d_1', 'padding': 'same', 'strides': [1, 1], 'trainable': true, 'use_bias': true}}
{'class_name': 'MaxPooling2D', 'config': {'data_format': 'channels_last', 'name': 'max_pooling2d_1', 'padding': 'valid', 'pool_size': [2, 2], 'strides': [2, 2], 'trainable': true}}
{'class_name': 'Dropout', 'config': {'name': 'dropout_1', 'noise_shape': null, 'rate': 0.5, 'seed': null, 'trainable': true}}
{'class_name': 'Conv2D', 'config': {'activation': 'relu', 'activity_regularizer': null, 'bias_constraint': null, 'bias_initializer': {'class_name': 'Zeros', 'config': {}}, 'bias_regularizer': null, 'data_format': 'channels_last', 'dilation_rate': [1, 1], 'filters': 128, 'kernel_constraint': null, 'kernel_initializer': {'class_name': 'VarianceScaling', 'config': {'distribution': 'uniform', 'mode': 'fan_avg', 'scale': 1.0, 'seed': null}}, 'kernel_regularizer': null, 'kernel_size': [3, 3], 'name': 'conv2d_4', 'padding': 'same', 'strides': [1, 1], 'trainable': true, 'use_bias': true}}
{'class_name': 'MaxPooling2D', 'config': {'data_format': 'channels_last', 'name': 'max_pooling2d_2', 'padding': 'valid', 'pool_size': [2, 2], 'strides': [2, 2], 'trainable': true}}
{'oml-python:serialized_object': 'function', 'value': '__main__.vggnet'}
{'class_name': 'BatchNormalization', 'config': {'axis': -1, 'beta_constraint': null, 'beta_initializer': {'class_name': 'Zeros', 'config': {}}, 'beta_regularizer': null, 'center': true, 'epsilon': 0.001, 'gamma_constraint': null, 'gamma_initializer': {'class_name': 'Ones', 'config': {}}, 'gamma_regularizer': null, 'momentum': 0.99, 'moving_mean_initializer': {'class_name': 'Zeros', 'config': {}}, 'moving_variance_initializer': {'class_name': 'Ones', 'config': {}}, 'name': 'batch_normalization_3', 'scale': true, 'trainable': true}}
{'class_name': 'Dense', 'config': {'activation': 'softmax', 'activity_regularizer': null, 'bias_constraint': null, 'bias_initializer': {'class_name': 'Zeros', 'config': {}}, 'bias_regularizer': null, 'kernel_constraint': null, 'kernel_initializer': {'class_name': 'VarianceScaling', 'config': {'distribution': 'uniform', 'mode': 'fan_avg', 'scale': 1.0, 'seed': null}}, 'kernel_regularizer': null, 'name': 'dense_3', 'trainable': true, 'units': 10, 'use_bias': true}}
{'class_name': 'BatchNormalization', 'config': {'axis': -1, 'beta_constraint': null, 'beta_initializer': {'class_name': 'Zeros', 'config': {}}, 'beta_regularizer': null, 'center': true, 'epsilon': 0.001, 'gamma_constraint': null, 'gamma_initializer': {'class_name': 'Ones', 'config': {}}, 'gamma_regularizer': null, 'momentum': 0.99, 'moving_mean_initializer': {'class_name': 'Zeros', 'config': {}}, 'moving_variance_initializer': {'class_name': 'Ones', 'config': {}}, 'name': 'batch_normalization_1', 'scale': true, 'trainable': true}}
{'class_name': 'BatchNormalization', 'config': {'axis': -1, 'beta_constraint': null, 'beta_initializer': {'class_name': 'Zeros', 'config': {}}, 'beta_regularizer': null, 'center': true, 'epsilon': 0.001, 'gamma_constraint': null, 'gamma_initializer': {'class_name': 'Ones', 'config': {}}, 'gamma_regularizer': null, 'momentum': 0.99, 'moving_mean_initializer': {'class_name': 'Zeros', 'config': {}}, 'moving_variance_initializer': {'class_name': 'Ones', 'config': {}}, 'name': 'batch_normalization_2', 'scale': true, 'trainable': true}}
{'class_name': 'Conv2D', 'config': {'activation': 'relu', 'activity_regularizer': null, 'bias_constraint': null, 'bias_initializer': {'class_name': 'Zeros', 'config': {}}, 'bias_regularizer': null, 'data_format': 'channels_last', 'dilation_rate': [1, 1], 'filters': 256, 'kernel_constraint': null, 'kernel_initializer': {'class_name': 'VarianceScaling', 'config': {'distribution': 'uniform', 'mode': 'fan_avg', 'scale': 1.0, 'seed': null}}, 'kernel_regularizer': null, 'kernel_size': [3, 3], 'name': 'conv2d_5', 'padding': 'same', 'strides': [1, 1], 'trainable': true, 'use_bias': true}}
2
128
5
{'class_name': 'Reshape', 'config': {'batch_input_shape': [null, 3072], 'dtype': 'float32', 'name': 'reshape_1', 'target_shape': [32, 32, 3], 'trainable': true}}
{'class_name': 'Conv2D', 'config': {'activation': 'relu', 'activity_regularizer': null, 'bias_constraint': null, 'bias_initializer': {'class_name': 'Zeros', 'config': {}}, 'bias_regularizer': null, 'data_format': 'channels_last', 'dilation_rate': [1, 1], 'filters': 256, 'kernel_constraint': null, 'kernel_initializer': {'class_name': 'VarianceScaling', 'config': {'distribution': 'uniform', 'mode': 'fan_avg', 'scale': 1.0, 'seed': null}}, 'kernel_regularizer': null, 'kernel_size': [3, 3], 'name': 'conv2d_7', 'padding': 'same', 'strides': [1, 1], 'trainable': true, 'use_bias': true}}
{'class_name': 'MaxPooling2D', 'config': {'data_format': 'channels_last', 'name': 'max_pooling2d_3', 'padding': 'valid', 'pool_size': [2, 2], 'strides': [2, 2], 'trainable': true}}
{'class_name': 'Dense', 'config': {'activation': 'relu', 'activity_regularizer': null, 'bias_constraint': null, 'bias_initializer': {'class_name': 'Zeros', 'config': {}}, 'bias_regularizer': null, 'kernel_constraint': null, 'kernel_initializer': {'class_name': 'VarianceScaling', 'config': {'distribution': 'uniform', 'mode': 'fan_avg', 'scale': 1.0, 'seed': null}}, 'kernel_regularizer': null, 'name': 'dense_1', 'trainable': true, 'units': 4096, 'use_bias': true}}
{'class_name': 'Dense', 'config': {'activation': 'relu', 'activity_regularizer': null, 'bias_constraint': null, 'bias_initializer': {'class_name': 'Zeros', 'config': {}}, 'bias_regularizer': null, 'kernel_constraint': null, 'kernel_initializer': {'class_name': 'VarianceScaling', 'config': {'distribution': 'uniform', 'mode': 'fan_avg', 'scale': 1.0, 'seed': null}}, 'kernel_regularizer': null, 'name': 'dense_2', 'trainable': true, 'units': 4096, 'use_bias': true}}
{'class_name': 'Conv2D', 'config': {'activation': 'relu', 'activity_regularizer': null, 'bias_constraint': null, 'bias_initializer': {'class_name': 'Zeros', 'config': {}}, 'bias_regularizer': null, 'data_format': 'channels_last', 'dilation_rate': [1, 1], 'filters': 128, 'kernel_constraint': null, 'kernel_initializer': {'class_name': 'VarianceScaling', 'config': {'distribution': 'uniform', 'mode': 'fan_avg', 'scale': 1.0, 'seed': null}}, 'kernel_regularizer': null, 'kernel_size': [3, 3], 'name': 'conv2d_3', 'padding': 'same', 'strides': [1, 1], 'trainable': true, 'use_bias': true}}
{'class_name': 'Conv2D', 'config': {'activation': 'relu', 'activity_regularizer': null, 'bias_constraint': null, 'bias_initializer': {'class_name': 'Zeros', 'config': {}}, 'bias_regularizer': null, 'data_format': 'channels_last', 'dilation_rate': [1, 1], 'filters': 256, 'kernel_constraint': null, 'kernel_initializer': {'class_name': 'VarianceScaling', 'config': {'distribution': 'uniform', 'mode': 'fan_avg', 'scale': 1.0, 'seed': null}}, 'kernel_regularizer': null, 'kernel_size': [3, 3], 'name': 'conv2d_6', 'padding': 'same', 'strides': [1, 1], 'trainable': true, 'use_bias': true}}
{'class_name': 'Dropout', 'config': {'name': 'dropout_2', 'noise_shape': null, 'rate': 0.5, 'seed': null, 'trainable': true}}
{'class_name': 'Conv2D', 'config': {'activation': 'relu', 'activity_regularizer': null, 'bias_constraint': null, 'bias_initializer': {'class_name': 'Zeros', 'config': {}}, 'bias_regularizer': null, 'data_format': 'channels_last', 'dilation_rate': [1, 1], 'filters': 64, 'kernel_constraint': null, 'kernel_initializer': {'class_name': 'VarianceScaling', 'config': {'distribution': 'uniform', 'mode': 'fan_avg', 'scale': 1.0, 'seed': null}}, 'kernel_regularizer': null, 'kernel_size': [3, 3], 'name': 'conv2d_2', 'padding': 'same', 'strides': [1, 1], 'trainable': true, 'use_bias': true}}
{'class_name': 'Flatten', 'config': {'data_format': 'channels_last', 'name': 'flatten_1', 'trainable': true}}

1 Rows. -- 515 msec.
