Result of /data/leuven/370/vsc37064/new_queries_named_graph_openml/query_7.txt:
OpenLink Virtuoso Interactive SQL (Virtuoso)
Version 07.20.3240 as of Mar 11 2025
Type HELP; for help and EXIT; to exit.
Connected to OpenLink Virtuoso
Driver: 07.20.3240 OpenLink Virtuoso ODBC Driver
distributionName                                                                  datasetName                                                                       downloadURL
LONG VARCHAR                                                                      LONG VARCHAR                                                                      LONG VARCHAR
_______________________________________________________________________________

Amazon-10Year-Stock-Data-Latest1997-2020 distribution                                                                                  Amazon-10Year-Stock-Data-Latest1997-2020                                                                                  https://api.openml.org/data/v1/download/22102462/Amazon-10Year-Stock-Data-Latest1997-2020.arff
Amazon-Stock-Data(Oct-2019---July-2020)LATEST distribution                                                                                  Amazon-Stock-Data(Oct-2019---July-2020)LATEST                                                                                  https://api.openml.org/data/v1/download/22102464/Amazon-Stock-Data(Oct-2019---July-2020)LATEST.arff
BMC_TrainingData distribution                                                                                  BMC_TrainingData                                                                                  https://api.openml.org/data/v1/download/22045878/BMC_TrainingData.arff
BNG(spect_test) distribution                                                                                  BNG(spect_test)                                                                                  https://api.openml.org/data/v1/download/150662/BNG(spect_test).arff
BNG(spectf_test) distribution                                                                                  BNG(spectf_test)                                                                                  
BNG(trains) distribution                                                                                  BNG(trains)                                                                                  https://api.openml.org/data/v1/download/2169/BNG(trains).arff
COIL2000-train distribution                                                                                  COIL2000-train                                                                                  
Cricket-Test-Matches-Inningswise-between-1900-2021 distribution                                                                                  Cricket-Test-Matches-Inningswise-between-1900-2021                                                                                  https://api.openml.org/data/v1/download/22102469/Cricket-Test-Matches-Inningswise-between-1900-2021.arff
Facebook-Complete-Stock-Data2012---2020Latest distribution                                                                                  Facebook-Complete-Stock-Data2012---2020Latest                                                                                  https://api.openml.org/data/v1/download/22102461/Facebook-Complete-Stock-Data2012---2020Latest.arff
Hottest-Kaggle-Datasets distribution                                                                                  Hottest-Kaggle-Datasets                                                                                  https://api.openml.org/data/v1/download/22102298/Hottest-Kaggle-Datasets.arff
Intersectional-Bias-Assessment-(Testing-Data) distribution                                                                                  Intersectional-Bias-Assessment-(Testing-Data)                                                                                  https://api.openml.org/data/v1/download/22103438/Intersectional-Bias-Assessment-(Testing-Data).arff
Intersectional-Bias-Assessment-(Training-Data) distribution                                                                                  Intersectional-Bias-Assessment-(Training-Data)                                                                                  https://api.openml.org/data/v1/download/22103434/Intersectional-Bias-Assessment-(Training-Data).arff
Intersectional-Bias-Assessment-(Training-Data) distribution                                                                                  Intersectional-Bias-Assessment-(Training-Data)                                                                                  https://api.openml.org/data/v1/download/22103437/Intersectional-Bias-Assessment-(Training-Data).arff
RelevantImagesDatasetTEST distribution                                                                                  RelevantImagesDatasetTEST                                                                                  https://api.openml.org/data/v1/download/22044484/RelevantImagesDatasetTEST.arff
StackOverflow-polarity-test distribution                                                                                  StackOverflow-polarity-test                                                                                  
StackOverflow-polarity-train distribution                                                                                  StackOverflow-polarity-train                                                                                  
TEST10e627dcde-UploadTestWithURL distribution                                                                                  TEST10e627dcde-UploadTestWithURL                                                                                  https://api.openml.org/data/v1/download/21854515/TEST10e627dcde-UploadTestWithURL.arff
TaskCreationTestDataset distribution                                                                                  TaskCreationTestDataset                                                                                  https://api.openml.org/data/v1/download/21379016/TaskCreationTestDataset.arff
TaskCreationTestDataset distribution                                                                                  TaskCreationTestDataset                                                                                  https://api.openml.org/data/v1/download/21379017/TaskCreationTestDataset.arff
TaskCreationTestDataset distribution                                                                                  TaskCreationTestDataset                                                                                  https://api.openml.org/data/v1/download/21379032/TaskCreationTestDataset.arff
TaskCreationTestDataset distribution                                                                                  TaskCreationTestDataset                                                                                  https://api.openml.org/data/v1/download/21379033/TaskCreationTestDataset.arff
Technical-Indicator-Backtest distribution                                                                                  Technical-Indicator-Backtest                                                                                  https://api.openml.org/data/v1/download/22102561/Technical-Indicator-Backtest.arff
Test distribution                                                                                  Test                                                                                  https://api.openml.org/data/v1/download/21829720/Test.arff
Test distribution                                                                                  Test                                                                                  https://api.openml.org/data/v1/download/21829731/Test.arff
Test distribution                                                                                  Test                                                                                  https://api.openml.org/data/v1/download/21799760/Test.arff
Test-Diabetes(scikit-learn) distribution                                                                                  Test-Diabetes(scikit-learn)                                                                                  https://api.openml.org/data/v1/download/22103368/Test-Diabetes(scikit-learn).arff
TestDatasetOfLocations distribution                                                                                  TestDatasetOfLocations                                                                                  
TestTICTACTOE distribution                                                                                  TestTICTACTOE                                                                                  https://api.openml.org/data/v1/download/21829732/TestTICTACTOE.arff
Test_2vectors distribution                                                                                  Test_2vectors                                                                                  https://api.openml.org/data/v1/download/21854413/Test_2vectors.arff
Test_3vectors distribution                                                                                  Test_3vectors                                                                                  https://api.openml.org/data/v1/download/21854414/Test_3vectors.arff
Test_3vectors_num distribution                                                                                  Test_3vectors_num                                                                                  https://api.openml.org/data/v1/download/21854415/Test_3vectors_num.arff
Test_3vectors_num_let distribution                                                                                  Test_3vectors_num_let                                                                                  https://api.openml.org/data/v1/download/21854419/Test_3vectors_num_let.arff
Test_5vectors_num distribution                                                                                  Test_5vectors_num                                                                                  https://api.openml.org/data/v1/download/21854420/Test_5vectors_num.arff
Test_Dataset distribution                                                                                  Test_Dataset                                                                                  
Test_vectors distribution                                                                                  Test_vectors                                                                                  https://api.openml.org/data/v1/download/21854323/Test_vectors.arff
Test_vectors2 distribution                                                                                  Test_vectors2                                                                                  https://api.openml.org/data/v1/download/21854341/Test_vectors2.arff
Test_vectors_1500 distribution                                                                                  Test_vectors_1500                                                                                  https://api.openml.org/data/v1/download/21854439/Test_vectors_1500.arff
Test_vectors_1500_notrans distribution                                                                                  Test_vectors_1500_notrans                                                                                  https://api.openml.org/data/v1/download/21854518/Test_vectors_1500_notrans.arff
Test_vectors_1500_notrans2 distribution                                                                                  Test_vectors_1500_notrans2                                                                                  https://api.openml.org/data/v1/download/21854532/Test_vectors_1500_notrans2.arff
Test_vectors_1500_notrans_posneg distribution                                                                                  Test_vectors_1500_notrans_posneg                                                                                  https://api.openml.org/data/v1/download/21854559/Test_vectors_1500_notrans_posneg.arff
Test_vectors_1500_repaired distribution                                                                                  Test_vectors_1500_repaired                                                                                  https://api.openml.org/data/v1/download/21854496/Test_vectors_1500_repaired.arff
Test_vectors_500 distribution                                                                                  Test_vectors_500                                                                                  https://api.openml.org/data/v1/download/21854434/Test_vectors_500.arff
Test_vectors_length distribution                                                                                  Test_vectors_length                                                                                  
Test_vectors_notrans_posneg distribution                                                                                  Test_vectors_notrans_posneg                                                                                  https://api.openml.org/data/v1/download/21854554/Test_vectors_notrans_posneg.arff
Test_vectors_sm distribution                                                                                  Test_vectors_sm                                                                                  https://api.openml.org/data/v1/download/21854405/Test_vectors_sm.arff
Test_vectors_test_other distribution                                                                                  Test_vectors_test_other                                                                                  https://api.openml.org/data/v1/download/21854533/Test_vectors_test_other.arff
Test_vectors_trans_posneg distribution                                                                                  Test_vectors_trans_posneg                                                                                  https://api.openml.org/data/v1/download/21854574/Test_vectors_trans_posneg.arff
Test_vectors_trans_posneg2 distribution                                                                                  Test_vectors_trans_posneg2                                                                                  https://api.openml.org/data/v1/download/21854587/Test_vectors_trans_posneg2.arff
Test_vectors_trans_posneg3 distribution                                                                                  Test_vectors_trans_posneg3                                                                                  https://api.openml.org/data/v1/download/21854600/Test_vectors_trans_posneg3.arff
Testing distribution                                                                                  Testing                                                                                  
Weather-Test distribution                                                                                  Weather-Test                                                                                  
Weather-Test distribution                                                                                  Weather-Test                                                                                  
adult-test distribution                                                                                  adult-test                                                                                  https://api.openml.org/data/v1/download/22111969/adult-test.arff
analcatdata_uktrainacc distribution                                                                                  analcatdata_uktrainacc                                                                                  https://api.openml.org/data/v1/download/52644/analcatdata_uktrainacc.arff
analcatdata_uktrainacc distribution                                                                                  analcatdata_uktrainacc                                                                                  https://api.openml.org/data/v1/download/53294/analcatdata_uktrainacc.arff
appendicitis_test distribution                                                                                  appendicitis_test                                                                                  
appendicitis_test distribution                                                                                  appendicitis_test                                                                                  
appendicitis_test_edsa distribution                                                                                  appendicitis_test_edsa                                                                                  
appendicitis_test_edsa distribution                                                                                  appendicitis_test_edsa                                                                                  
appendicitis_test_edsa distribution                                                                                  appendicitis_test_edsa                                                                                  
dgf_test distribution                                                                                  dgf_test                                                                                  https://api.openml.org/data/v1/download/22045512/dgf_test.arff
dgf_test distribution                                                                                  dgf_test                                                                                  https://api.openml.org/data/v1/download/22045513/dgf_test.arff
fetch_openml_test distribution                                                                                  fetch_openml_test                                                                                  https://api.openml.org/data/v1/download/21829777/fetch_openml_test.arff
fetch_openml_test distribution                                                                                  fetch_openml_test                                                                                  https://api.openml.org/data/v1/download/21829779/fetch_openml_test.arff
fetch_openml_test2 distribution                                                                                  fetch_openml_test2                                                                                  https://api.openml.org/data/v1/download/21829778/fetch_openml_test2.arff
fntest_sh distribution                                                                                  fntest_sh                                                                                  https://api.openml.org/data/v1/download/21830283/fntest_sh.arff
iris_test_upload distribution                                                                                  iris_test_upload                                                                                  https://api.openml.org/data/v1/download/21378938/iris_test_upload.arff
leaktest distribution                                                                                  leaktest                                                                                  https://api.openml.org/data/v1/download/22045793/leaktest.arff
mytestdataset distribution                                                                                  mytestdataset                                                                                  
test distribution                                                                                  test                                                                                  https://api.openml.org/data/v1/download/21801029/test.arff
test distribution                                                                                  test                                                                                  https://api.openml.org/data/v1/download/22044976/test.arff
test distribution                                                                                  test                                                                                  
test distribution                                                                                  test                                                                                  
test distribution                                                                                  test                                                                                  
test distribution                                                                                  test                                                                                  
test distribution                                                                                  test                                                                                  https://api.openml.org/data/v1/download/22044554/test.arff
test distribution                                                                                  test                                                                                  
test distribution                                                                                  test                                                                                  
test distribution                                                                                  test                                                                                  
test distribution                                                                                  test                                                                                  
test001 distribution                                                                                  test001                                                                                  https://api.openml.org/data/v1/download/21794256/test001.arff
test3 distribution                                                                                  test3                                                                                  https://api.openml.org/data/v1/download/22044559/test3.arff
test4 distribution                                                                                  test4                                                                                  https://api.openml.org/data/v1/download/22044590/test4.arff
test_data distribution                                                                                  test_data                                                                                  https://api.openml.org/data/v1/download/22045003/test_data.arff
test_dataset distribution                                                                                  test_dataset                                                                                  https://api.openml.org/data/v1/download/21230745/test_dataset.arff
test_dataset distribution                                                                                  test_dataset                                                                                  https://api.openml.org/data/v1/download/21230746/test_dataset.arff
test_dataset distribution                                                                                  test_dataset                                                                                  https://api.openml.org/data/v1/download/21230747/test_dataset.arff
test_dataset distribution                                                                                  test_dataset                                                                                  https://api.openml.org/data/v1/download/21230748/test_dataset.arff
test_dsn distribution                                                                                  test_dsn                                                                                  https://api.openml.org/data/v1/download/22106821/test_dsn.arff
test_hate_vects distribution                                                                                  test_hate_vects                                                                                  https://api.openml.org/data/v1/download/21854608/test_hate_vects.arff
test_hate_vects2 distribution                                                                                  test_hate_vects2                                                                                  https://api.openml.org/data/v1/download/21854615/test_hate_vects2.arff
test_hate_vects3 distribution                                                                                  test_hate_vects3                                                                                  https://api.openml.org/data/v1/download/21854616/test_hate_vects3.arff
test_hate_vects4 distribution                                                                                  test_hate_vects4                                                                                  https://api.openml.org/data/v1/download/21854619/test_hate_vects4.arff
testdata distribution                                                                                  testdata                                                                                  https://api.openml.org/data/v1/download/22044555/testdata.arff
testnew2 distribution                                                                                  testnew2                                                                                  https://api.openml.org/data/v1/download/22044556/testnew2.arff
train distribution                                                                                  train                                                                                  https://api.openml.org/data/v1/download/22044058/train.arff
train distribution                                                                                  train                                                                                  https://api.openml.org/data/v1/download/22044059/train.arff
train distribution                                                                                  train                                                                                  https://api.openml.org/data/v1/download/22044060/train.arff
train distribution                                                                                  train                                                                                  https://api.openml.org/data/v1/download/22044061/train.arff
train distribution                                                                                  train                                                                                  https://api.openml.org/data/v1/download/22044062/train.arff
train distribution                                                                                  train                                                                                  https://api.openml.org/data/v1/download/22044346/train.arff
train distribution                                                                                  train                                                                                  https://api.openml.org/data/v1/download/22044347/train.arff
train distribution                                                                                  train                                                                                  https://api.openml.org/data/v1/download/22044348/train.arff
train distribution                                                                                  train                                                                                  https://api.openml.org/data/v1/download/22044349/train.arff
train distribution                                                                                  train                                                                                  https://api.openml.org/data/v1/download/22044350/train.arff
train distribution                                                                                  train                                                                                  https://api.openml.org/data/v1/download/22044351/train.arff
train distribution                                                                                  train                                                                                  https://api.openml.org/data/v1/download/22044352/train.arff
train distribution                                                                                  train                                                                                  https://api.openml.org/data/v1/download/22044353/train.arff
train distribution                                                                                  train                                                                                  https://api.openml.org/data/v1/download/22044354/train.arff
train distribution                                                                                  train                                                                                  https://api.openml.org/data/v1/download/22044355/train.arff
train distribution                                                                                  train                                                                                  https://api.openml.org/data/v1/download/22044356/train.arff
train distribution                                                                                  train                                                                                  https://api.openml.org/data/v1/download/22044357/train.arff
train distribution                                                                                  train                                                                                  https://api.openml.org/data/v1/download/22044358/train.arff
train distribution                                                                                  train                                                                                  https://api.openml.org/data/v1/download/22044359/train.arff
train distribution                                                                                  train                                                                                  https://api.openml.org/data/v1/download/22044360/train.arff
train distribution                                                                                  train                                                                                  https://api.openml.org/data/v1/download/22044361/train.arff
train distribution                                                                                  train                                                                                  https://api.openml.org/data/v1/download/22044362/train.arff
train distribution                                                                                  train                                                                                  https://api.openml.org/data/v1/download/22044363/train.arff
train_bbb distribution                                                                                  train_bbb                                                                                  
trains distribution                                                                                  trains                                                                                  https://api.openml.org/data/v1/download/52/trains.arff

120 Rows. -- 668 msec.
