Result of /data/leuven/370/vsc37064/new_queries_named_graph_openml/query_29.txt:
OpenLink Virtuoso Interactive SQL (Virtuoso)
Version 07.20.3240 as of Mar 11 2025
Type HELP; for help and EXIT; to exit.
Connected to OpenLink Virtuoso
Driver: 07.20.3240 OpenLink Virtuoso ODBC Driver
datasetName
LONG VARCHAR
_______________________________________________________________________________

Amazon-10Year-Stock-Data-Latest1997-2020
Amazon-Stock-Data(Oct-2019---July-2020)LATEST
BMC_TrainingData
BNG(spect_test)
BNG(spectf_test)
Cricket-Test-Matches-Inningswise-between-1900-2021
Facebook-Complete-Stock-Data2012---2020Latest
Hottest-Kaggle-Datasets
Intersectional-Bias-Assessment-(Testing-Data)
Intersectional-Bias-Assessment-(Training-Data)
Intersectional-Bias-Assessment-(Training-Data)
RelevantImagesDatasetTEST
StackOverflow-polarity-test
TEST10e627dcde-UploadTestWithURL
TaskCreationTestDataset
TaskCreationTestDataset
TaskCreationTestDataset
TaskCreationTestDataset
Technical-Indicator-Backtest
Test
Test
Test
Test-Diabetes(scikit-learn)
TestDatasetOfLocations
TestTICTACTOE
Test_2vectors
Test_3vectors
Test_3vectors_num
Test_3vectors_num_let
Test_5vectors_num
Test_Dataset
Test_vectors
Test_vectors2
Test_vectors_1500
Test_vectors_1500_notrans
Test_vectors_1500_notrans2
Test_vectors_1500_notrans_posneg
Test_vectors_1500_repaired
Test_vectors_500
Test_vectors_length
Test_vectors_notrans_posneg
Test_vectors_sm
Test_vectors_test_other
Test_vectors_trans_posneg
Test_vectors_trans_posneg2
Test_vectors_trans_posneg3
Testing
Weather-Test
Weather-Test
adult-test
appendicitis_test
appendicitis_test
appendicitis_test_edsa
appendicitis_test_edsa
appendicitis_test_edsa
dgf_test
dgf_test
fetch_openml_test
fetch_openml_test
fetch_openml_test2
fntest_sh
iris_test_upload
leaktest
mytestdataset
test
test
test
test
test
test
test
test
test
test
test
test001
test3
test4
test_data
test_dataset
test_dataset
test_dataset
test_dataset
test_dsn
test_hate_vects
test_hate_vects2
test_hate_vects3
test_hate_vects4
testdata
testnew2

90 Rows. -- 32 msec.
