Result of /data/leuven/370/vsc37064/new_queries_named_graph_pwc/query_43.txt:
OpenLink Virtuoso Interactive SQL (Virtuoso)
Version 07.20.3240 as of Mar 11 2025
Type HELP; for help and EXIT; to exit.
Connected to OpenLink Virtuoso
Driver: 07.20.3240 OpenLink Virtuoso ODBC Driver
algorithmName
LONG VARCHAR
_______________________________________________________________________________

Forward gradient
Gradient Checkpointing
Gradient Clipping
Gradient Normalization
Gradient Sparsification
Gradient-Based Subword Tokenization
GradientDICE
Harris Hawks optimization (HHO)
Natural Gradient Descent
Nesterov Accelerated Gradient
Pipelined Backpropagation
ProxyOptimization
Stochastic Gradient Variational Bayes

13 Rows. -- 8 msec.
