time  (s)	size (kb)	%mem	%cpu
60	11510368	0.8	24
121	11510468	0.8	38.2
181	11510468	0.8	48
242	11510468	0.8	55
302	11510468	0.8	60.4
362	11510468	0.8	64.6
423	11520752	0.8	67.9
483	11540220	0.8	70.8
544	11540248	0.8	73.1
604	11540276	0.8	75.1
665	11543132	0.8	76.8
725	11543408	0.8	78.3
786	11543896	0.8	79.6
846	11543896	0.8	80.8
907	11543896	0.8	81.7
967	11543896	0.8	82.7
1028	11543900	0.8	83.6
1088	11544192	0.8	84.3
1148	11548016	0.8	85
1209	11552964	0.8	85.6
1269	11557744	0.8	86.2
1330	11563872	0.8	86.7
1390	11576640	0.8	87.1
1450	11580780	0.8	87.6
1511	11580780	0.8	88
1571	11580780	0.8	88.4
1632	11580780	0.8	88.8
1692	11580780	0.8	89.1
1752	11580780	0.8	89.5
1813	11580780	0.8	89.7
1873	11580780	0.8	90
1934	11580780	0.8	90.3
1994	11580780	0.8	90.6
2055	11580780	0.8	90.8
2115	11580780	0.8	91
2176	11580780	0.8	91.2
2236	11580780	0.8	91.5
2297	11580780	0.8	91.6
2357	11580780	0.8	91.8
2418	11580780	0.8	92
2478	11580780	0.8	92.2
2539	11580780	0.8	92.3
2599	11580944	0.8	92.5
2660	11581396	0.8	92.7
2720	11581516	0.8	92.8
2780	11584036	0.8	92.9
2841	11584252	0.8	93.1
2901	11615848	0.8	93.2
2961	11615848	0.8	93.3
3022	11615848	0.8	93.4
3082	11615848	0.8	93.5
3143	11615848	0.8	93.6
3203	11615848	0.8	93.7
3263	11615848	0.8	93.8
3324	11615848	0.8	93.9
3384	11615848	0.8	94
3445	11615848	0.8	94.1
3505	11615848	0.8	94.2
3566	11615848	0.8	94.3
3626	11615848	0.8	94.4
3687	11615848	0.8	94.4
3747	11655196	0.8	94.5
3808	11655196	0.8	94.6
3868	11655196	0.8	94.7
3928	11655196	0.8	94.7
3989	11655196	0.8	94.8
4049	11655196	0.8	94.9
4109	11655196	0.8	94.9
4170	11655200	0.8	95
4230	11657208	0.8	95
4290	11657208	0.8	95
4351	11657208	0.8	95.1
4411	11657208	0.8	95.1
4472	11657208	0.8	95.2
4532	11657208	0.8	95.3
4593	11657208	0.8	95.3
4653	11657208	0.8	95.4
4713	11657208	0.8	95.4
4774	11657208	0.8	95.5
4834	11657208	0.8	95.5
4894	11657208	0.8	95.6
4955	11657208	0.8	95.6
5015	11657208	0.8	95.7
5075	11657208	0.8	95.7
5136	11657208	0.8	95.7
5196	11657208	0.8	95.8
5256	11658240	0.8	95.8
5317	11658276	0.8	95.8
5377	11658276	0.8	95.8
5438	11658276	0.8	95.9
5498	11658276	0.8	95.9
5558	11658276	0.8	96
5619	11658276	0.8	96
5679	11658276	0.8	96
5740	11658276	0.8	96
5800	11658276	0.8	96.1
5860	11658276	0.8	96.1
5921	11658276	0.8	96.2
5981	11658276	0.8	96.2
6041	11658276	0.8	96.2
6102	11658276	0.8	96.3
6162	11658276	0.8	96.3
6222	11658276	0.8	96.3
6283	11658276	0.8	96.3
6343	11659864	0.8	96.3
6403	11659864	0.8	96.3
6464	11659864	0.8	96.4
6524	11659864	0.8	96.4
6584	11659864	0.8	96.4
6645	11659864	0.8	96.4
6705	11659864	0.8	96.5
6766	11659864	0.8	96.5
6826	11659864	0.8	96.5
6886	11659864	0.9	96.6
6947	11659864	0.9	96.6
7007	11659864	0.9	96.6
7067	11659864	0.9	96.6
7128	11659864	0.9	96.7
7188	11659864	0.9	96.7
7248	11659864	0.9	96.7
7309	11659864	0.9	96.7
7369	11659864	0.9	96.7
7430	11659884	0.9	96.7
7490	11659884	0.9	96.7
7550	11659884	0.9	96.8
7611	11659884	0.9	96.8
7671	11659884	0.9	96.8
7732	11659884	0.9	96.8
7792	11659884	0.9	96.8
7852	11659884	1	96.9
7913	11659884	1	96.9
7973	11659884	1	96.9
8033	11659884	1	96.9
8094	11659884	1	96.9
8154	11659884	1	97
8214	11659884	1	97
8275	11659884	1	97
8335	11659884	1	97
8396	11659884	1	97
8456	11659884	1	97
8516	11659884	1	97
8577	11659884	1	97
8637	11659884	1	97
8698	11659884	1	97.1
8758	11659884	1	97.1
8818	11659884	1	97.1
8879	11659884	1	97.1
8939	11659884	1	97.1
8999	11659884	1	97.2
9060	11659884	1	97.2
9120	11659884	1.1	97.2
9181	11659884	1.1	97.2
9241	11659884	1.1	97.2
9301	11659884	1.1	97.2
9362	11659884	1.1	97.2
9422	11659884	1.1	97.3
9483	11659884	1.1	97.3
9543	11659884	1.1	97.3
9603	11659884	1.1	97.3
9663	11659884	1.1	97.3
9724	11659884	1.1	97.3
9784	11659884	1.1	97.3
9845	11659884	1.1	97.3
9905	11659884	1.1	97.3
9965	11659884	1.1	97.3
10026	11659884	1.1	97.3
10086	11659884	1.1	97.4
10146	11659884	1.1	97.4
10207	11659884	1.1	97.4
10267	11659884	1.1	97.4
10327	11659884	1.1	97.4
10388	11659884	1.2	97.4
10448	11659884	1.2	97.4
10508	11659884	1.2	97.5
10569	11659884	1.2	97.5
10629	11659900	1.2	97.4
10689	11659900	1.2	97.4
10749	11659900	1.2	97.5
10810	11659900	1.2	97.5
10870	11659900	1.2	97.5
10931	11659900	1.2	97.5
10991	11659900	1.2	97.5
11052	11659900	1.2	97.5
11112	11659900	1.2	97.5
11172	11659900	1.2	97.5
11233	11659900	1.2	97.5
11293	11659900	1.2	97.6
11353	11659900	1.2	97.6
11414	11659900	1.3	97.6
11474	11659900	1.3	97.6
11534	11659900	1.3	97.6
11595	11659900	1.3	97.6
11655	11659900	1.3	97.6
11715	0	0	0
