Result of /data/leuven/370/vsc37064/new_queries_named_graph_predicated_grouped/query_53.txt:
OpenLink Virtuoso Interactive SQL (Virtuoso)
Version 07.20.3240 as of Mar 11 2025
Type HELP; for help and EXIT; to exit.
Connected to OpenLink Virtuoso
Driver: 07.20.3240 OpenLink Virtuoso ODBC Driver
label                                                                             runID                                                                             avgPrecision                                                                      hpLabels                                                                          hpSettingValues
LONG VARCHAR                                                                      LONG VARCHAR                                                                      LONG VARCHAR                                                                      LONG VARCHAR                                                                      LONG VARCHAR
_______________________________________________________________________________

keras.wrappers.scikit_learn.KerasClassifier(Reshape,ZeroPadding2D,Conv2D,ZeroPadding2D,Conv2D,MaxPooling2D,ZeroPadding2D,Conv2D,ZeroPadding2D,Conv2D,MaxPooling2D,ZeroPadding2D,Conv2D,ZeroPadding2D,Conv2D,ZeroPadding2D,Conv2D,ZeroPadding2D,Conv2D,MaxPooling2D,Flatten,Dropout,Dense,Dense)(1)                                                                                  http://w3id.org/mlsea/openml/run/9203702                                                                                  0                                                                                  batch_size
build_fn
epochs
layer1
layer10
layer12
layer13
layer14
layer17
layer18
layer8
layer0
layer11
layer15
layer16
layer19
layer2
layer20
layer21
layer22
layer23
layer3
layer4
layer5
layer6
layer7
layer9
verbose                                                                                  32
{'oml-python:serialized_object': 'function', 'value': '__main__.vgg_mnist'}
3
{'class_name': 'ZeroPadding2D', 'config': {'data_format': 'channels_last', 'name': 'zero_padding2d_1', 'padding': [[1, 1], [1, 1]], 'trainable': true}}
{'class_name': 'MaxPooling2D', 'config': {'data_format': 'channels_last', 'name': 'max_pooling2d_2', 'padding': 'valid', 'pool_size': [2, 2], 'strides': [2, 2], 'trainable': true}}
{'class_name': 'Conv2D', 'config': {'activation': 'relu', 'activity_regularizer': null, 'bias_constraint': null, 'bias_initializer': {'class_name': 'Zeros', 'config': {}}, 'bias_regularizer': null, 'data_format': 'channels_last', 'dilation_rate': [1, 1], 'filters': 256, 'kernel_constraint': null, 'kernel_initializer': {'class_name': 'VarianceScaling', 'config': {'distribution': 'uniform', 'mode': 'fan_avg', 'scale': 1.0, 'seed': null}}, 'kernel_regularizer': null, 'kernel_size': [3, 3], 'name': 'conv2d_5', 'padding': 'valid', 'strides': [1, 1], 'trainable': true, 'use_bias': true}}
{'class_name': 'ZeroPadding2D', 'config': {'data_format': 'channels_last', 'name': 'zero_padding2d_6', 'padding': [[1, 1], [1, 1]], 'trainable': true}}
{'class_name': 'Conv2D', 'config': {'activation': 'relu', 'activity_regularizer': null, 'bias_constraint': null, 'bias_initializer': {'class_name': 'Zeros', 'config': {}}, 'bias_regularizer': null, 'data_format': 'channels_last', 'dilation_rate': [1, 1], 'filters': 256, 'kernel_constraint': null, 'kernel_initializer': {'class_name': 'VarianceScaling', 'config': {'distribution': 'uniform', 'mode': 'fan_avg', 'scale': 1.0, 'seed': null}}, 'kernel_regularizer': null, 'kernel_size': [3, 3], 'name': 'conv2d_6', 'padding': 'valid', 'strides': [1, 1], 'trainable': true, 'use_bias': true}}
{'class_name': 'ZeroPadding2D', 'config': {'data_format': 'channels_last', 'name': 'zero_padding2d_8', 'padding': [[1, 1], [1, 1]], 'trainable': true}}
{'class_name': 'Conv2D', 'config': {'activation': 'relu', 'activity_regularizer': null, 'bias_constraint': null, 'bias_initializer': {'class_name': 'Zeros', 'config': {}}, 'bias_regularizer': null, 'data_format': 'channels_last', 'dilation_rate': [1, 1], 'filters': 256, 'kernel_constraint': null, 'kernel_initializer': {'class_name': 'VarianceScaling', 'config': {'distribution': 'uniform', 'mode': 'fan_avg', 'scale': 1.0, 'seed': null}}, 'kernel_regularizer': null, 'kernel_size': [3, 3], 'name': 'conv2d_8', 'padding': 'valid', 'strides': [1, 1], 'trainable': true, 'use_bias': true}}
{'class_name': 'ZeroPadding2D', 'config': {'data_format': 'channels_last', 'name': 'zero_padding2d_4', 'padding': [[1, 1], [1, 1]], 'trainable': true}}
{'class_name': 'Reshape', 'config': {'batch_input_shape': [null, 784], 'dtype': 'float32', 'name': 'reshape_1', 'target_shape': [28, 28, 1], 'trainable': true}}
{'class_name': 'ZeroPadding2D', 'config': {'data_format': 'channels_last', 'name': 'zero_padding2d_5', 'padding': [[1, 1], [1, 1]], 'trainable': true}}
{'class_name': 'ZeroPadding2D', 'config': {'data_format': 'channels_last', 'name': 'zero_padding2d_7', 'padding': [[1, 1], [1, 1]], 'trainable': true}}
{'class_name': 'Conv2D', 'config': {'activation': 'relu', 'activity_regularizer': null, 'bias_constraint': null, 'bias_initializer': {'class_name': 'Zeros', 'config': {}}, 'bias_regularizer': null, 'data_format': 'channels_last', 'dilation_rate': [1, 1], 'filters': 256, 'kernel_constraint': null, 'kernel_initializer': {'class_name': 'VarianceScaling', 'config': {'distribution': 'uniform', 'mode': 'fan_avg', 'scale': 1.0, 'seed': null}}, 'kernel_regularizer': null, 'kernel_size': [3, 3], 'name': 'conv2d_7', 'padding': 'valid', 'strides': [1, 1], 'trainable': true, 'use_bias': true}}
{'class_name': 'MaxPooling2D', 'config': {'data_format': 'channels_last', 'name': 'max_pooling2d_3', 'padding': 'valid', 'pool_size': [2, 2], 'strides': [2, 2], 'trainable': true}}
{'class_name': 'Conv2D', 'config': {'activation': 'relu', 'activity_regularizer': null, 'bias_constraint': null, 'bias_initializer': {'class_name': 'Zeros', 'config': {}}, 'bias_regularizer': null, 'data_format': 'channels_last', 'dilation_rate': [1, 1], 'filters': 64, 'kernel_constraint': null, 'kernel_initializer': {'class_name': 'VarianceScaling', 'config': {'distribution': 'uniform', 'mode': 'fan_avg', 'scale': 1.0, 'seed': null}}, 'kernel_regularizer': null, 'kernel_size': [3, 3], 'name': 'conv2d_1', 'padding': 'valid', 'strides': [1, 1], 'trainable': true, 'use_bias': true}}
{'class_name': 'Flatten', 'config': {'data_format': 'channels_last', 'name': 'flatten_1', 'trainable': true}}
{'class_name': 'Dropout', 'config': {'name': 'dropout_1', 'noise_shape': null, 'rate': 0.2, 'seed': null, 'trainable': true}}
{'class_name': 'Dense', 'config': {'activation': 'relu', 'activity_regularizer': null, 'bias_constraint': null, 'bias_initializer': {'class_name': 'Zeros', 'config': {}}, 'bias_regularizer': null, 'kernel_constraint': null, 'kernel_initializer': {'class_name': 'VarianceScaling', 'config': {'distribution': 'uniform', 'mode': 'fan_avg', 'scale': 1.0, 'seed': null}}, 'kernel_regularizer': null, 'name': 'dense_1', 'trainable': true, 'units': 1024, 'use_bias': true}}
{'class_name': 'Dense', 'config': {'activation': 'softmax', 'activity_regularizer': null, 'bias_constraint': null, 'bias_initializer': {'class_name': 'Zeros', 'config': {}}, 'bias_regularizer': null, 'kernel_constraint': null, 'kernel_initializer': {'class_name': 'VarianceScaling', 'config': {'distribution': 'uniform', 'mode': 'fan_avg', 'scale': 1.0, 'seed': null}}, 'kernel_regularizer': null, 'name': 'dense_2', 'trainable': true, 'units': 10, 'use_bias': true}}
{'class_name': 'ZeroPadding2D', 'config': {'data_format': 'channels_last', 'name': 'zero_padding2d_2', 'padding': [[1, 1], [1, 1]], 'trainable': true}}
{'class_name': 'Conv2D', 'config': {'activation': 'relu', 'activity_regularizer': null, 'bias_constraint': null, 'bias_initializer': {'class_name': 'Zeros', 'config': {}}, 'bias_regularizer': null, 'data_format': 'channels_last', 'dilation_rate': [1, 1], 'filters': 64, 'kernel_constraint': null, 'kernel_initializer': {'class_name': 'VarianceScaling', 'config': {'distribution': 'uniform', 'mode': 'fan_avg', 'scale': 1.0, 'seed': null}}, 'kernel_regularizer': null, 'kernel_size': [3, 3], 'name': 'conv2d_2', 'padding': 'valid', 'strides': [1, 1], 'trainable': true, 'use_bias': true}}
{'class_name': 'MaxPooling2D', 'config': {'data_format': 'channels_last', 'name': 'max_pooling2d_1', 'padding': 'valid', 'pool_size': [2, 2], 'strides': [2, 2], 'trainable': true}}
{'class_name': 'ZeroPadding2D', 'config': {'data_format': 'channels_last', 'name': 'zero_padding2d_3', 'padding': [[1, 1], [1, 1]], 'trainable': true}}
{'class_name': 'Conv2D', 'config': {'activation': 'relu', 'activity_regularizer': null, 'bias_constraint': null, 'bias_initializer': {'class_name': 'Zeros', 'config': {}}, 'bias_regularizer': null, 'data_format': 'channels_last', 'dilation_rate': [1, 1], 'filters': 128, 'kernel_constraint': null, 'kernel_initializer': {'class_name': 'VarianceScaling', 'config': {'distribution': 'uniform', 'mode': 'fan_avg', 'scale': 1.0, 'seed': null}}, 'kernel_regularizer': null, 'kernel_size': [3, 3], 'name': 'conv2d_3', 'padding': 'valid', 'strides': [1, 1], 'trainable': true, 'use_bias': true}}
{'class_name': 'Conv2D', 'config': {'activation': 'relu', 'activity_regularizer': null, 'bias_constraint': null, 'bias_initializer': {'class_name': 'Zeros', 'config': {}}, 'bias_regularizer': null, 'data_format': 'channels_last', 'dilation_rate': [1, 1], 'filters': 128, 'kernel_constraint': null, 'kernel_initializer': {'class_name': 'VarianceScaling', 'config': {'distribution': 'uniform', 'mode': 'fan_avg', 'scale': 1.0, 'seed': null}}, 'kernel_regularizer': null, 'kernel_size': [3, 3], 'name': 'conv2d_4', 'padding': 'valid', 'strides': [1, 1], 'trainable': true, 'use_bias': true}}
1

1 Rows. -- 34399 msec.
