Result of /data/leuven/370/vsc37064/new_queries/query_53.txt:
OpenLink Virtuoso Interactive SQL (Virtuoso)
Version 07.20.3240 as of Mar 11 2025
Type HELP; for help and EXIT; to exit.
Connected to OpenLink Virtuoso
Driver: 07.20.3240 OpenLink Virtuoso ODBC Driver
label                                                                             runID                                                                             avgPrecision                                                                      hpLabels                                                                          hpSettingValues
LONG VARCHAR                                                                      LONG VARCHAR                                                                      LONG VARCHAR                                                                      LONG VARCHAR                                                                      LONG VARCHAR
_______________________________________________________________________________

keras.engine.sequential.Sequential.3004bddd(5)                                                                                  http://w3id.org/mlsea/openml/run/10559781                                                                                  0                                                                                  backend
class_name
config
keras_version
layer0_batch_normalization_1
layer1_dense_1
layer2_dropout_1
layer3_dense_2
optimizer                                                                                  'tensorflow'
'Sequential'
{'name': 'sequential_1'}
'2.2.4'
{'class_name': 'BatchNormalization', 'config': {'axis': -1, 'beta_constraint': null, 'beta_initializer': {'class_name': 'Zeros', 'config': {}}, 'beta_regularizer': null, 'center': true, 'epsilon': 0.001, 'gamma_constraint': null, 'gamma_initializer': {'class_name': 'Ones', 'config': {}}, 'gamma_regularizer': null, 'momentum': 0.99, 'moving_mean_initializer': {'class_name': 'Zeros', 'config': {}}, 'moving_variance_initializer': {'class_name': 'Ones', 'config': {}}, 'name': 'batch_normalization_1', 'scale': true, 'trainable': true}}
{'class_name': 'Dense', 'config': {'activation': 'relu', 'activity_regularizer': null, 'bias_constraint': null, 'bias_initializer': {'class_name': 'Zeros', 'config': {}}, 'bias_regularizer': null, 'kernel_constraint': null, 'kernel_initializer': {'class_name': 'VarianceScaling', 'config': {'distribution': 'uniform', 'mode': 'fan_avg', 'scale': 1.0, 'seed': null}}, 'kernel_regularizer': null, 'name': 'dense_1', 'trainable': true, 'units': 1024, 'use_bias': true}}
{'class_name': 'Dropout', 'config': {'name': 'dropout_1', 'noise_shape': null, 'rate': 0.4, 'seed': null, 'trainable': true}}
{'class_name': 'Dense', 'config': {'activation': 'softmax', 'activity_regularizer': null, 'bias_constraint': null, 'bias_initializer': {'class_name': 'Zeros', 'config': {}}, 'bias_regularizer': null, 'kernel_constraint': null, 'kernel_initializer': {'class_name': 'VarianceScaling', 'config': {'distribution': 'uniform', 'mode': 'fan_avg', 'scale': 1.0, 'seed': null}}, 'kernel_regularizer': null, 'name': 'dense_2', 'trainable': true, 'units': 2, 'use_bias': true}}
{'loss': 'sparse_categorical_crossentropy', 'loss_weights': null, 'metrics': ['accuracy'], 'optimizer_config': {'class_name': 'Adam', 'config': {'amsgrad': false, 'beta_1': 0.8999999761581421, 'beta_2': 0.9990000128746033, 'decay': 0.0, 'epsilon': 1e-07, 'lr': 0.0010000000474974513}}, 'sample_weight_mode': null, 'weighted_metrics': null}

1 Rows. -- 16321 msec.
