Result of /data/leuven/370/vsc37064/new_queries/query_52.txt:
OpenLink Virtuoso Interactive SQL (Virtuoso)
Version 07.20.3240 as of Mar 11 2025
Type HELP; for help and EXIT; to exit.
Connected to OpenLink Virtuoso
Driver: 07.20.3240 OpenLink Virtuoso ODBC Driver
label                                                                             runID                                                                             minPrecision                                                                      hpLabels                                                                          hpSettingValues
LONG VARCHAR                                                                      LONG VARCHAR                                                                      LONG VARCHAR                                                                      LONG VARCHAR                                                                      LONG VARCHAR
_______________________________________________________________________________

scikeras.wrappers.KerasClassifier(1)                                                                                  http://w3id.org/mlsea/openml/run/10559888                                                                                  0.988723415114582                                                                                  batch_size
epochs
model
optimizer
random_state
run_eagerly
shuffle
validation_split
verbose
warm_start
loss                                                                                  32
5
{'oml-python:serialized_object': 'function', 'value': '__main__.cnn_model_1'}
'Adam'
39019
false
true
0.0
1
false
'categorical_crossentropy'

1 Rows. -- 16278 msec.
