time  (s)	size (kb)	%mem	%cpu
60	11819864	1	34.5
120	11822876	1.1	47.4
180	11946076	1.2	55.8
240	12047864	1.3	61.9
300	12050036	1.4	66.6
360	12191628	1.5	70.2
420	12201052	1.5	72.6
481	12201212	1.5	74
541	12201708	1.5	75.3
601	12201708	1.5	75.7
661	12201708	1.5	77.3
722	12201708	1.5	78.5
782	12201708	1.5	79.7
842	12201708	1.5	79.9
902	12201708	1.5	80.4
962	12201708	1.5	81.3
1023	12201708	1.5	81.9
1083	12201708	1.5	82.5
1143	12201708	1.5	82.9
1203	12201708	1.5	83.6
1264	12201708	1.5	84.2
1324	12201708	1.5	84.9
1385	12201708	1.5	85.4
1445	12201708	1.5	85.8
1505	12201708	1.5	86.2
1566	12363980	1.5	85.6
1626	12482172	1.5	86
1686	12482172	1.5	86.4
1746	12482172	1.5	86.5
1807	12482172	1.5	86.7
1867	12482172	1.5	86.9
1927	12482172	1.5	87.1
1988	12482172	1.5	87.3
2048	12482172	1.5	87.4
2108	12482172	1.5	87.7
2168	13113412	1.6	87.9
2228	13125268	1.6	87
2289	13199092	1.6	86.5
2349	13202656	1.6	85.6
2409	13202656	1.6	85.9
2469	13202656	1.6	86.1
2529	13202656	1.6	86
2589	13202656	1.6	86.2
2649	13202656	1.6	86.2
2709	13327184	1.6	86.3
2769	13327184	1.6	86.6
2829	13327184	1.6	86.8
2889	13327184	1.6	87
2950	13327184	1.6	87.3
3010	13327184	1.6	87.5
3070	13327184	1.6	87.7
3130	13327184	1.6	87.9
3190	13327184	1.6	88.1
3250	13327184	1.6	88.3
3310	13327184	1.6	88.5
3370	13327184	1.6	88.7
3430	13327184	1.6	88.9
3490	13327184	1.6	89.1
3550	13327184	1.6	89.2
3610	13327184	1.6	89.3
3671	13327184	1.6	89.5
3731	13327184	1.6	89.7
3791	13327184	1.6	89.8
3851	13327184	1.6	90
3911	13327184	1.6	90.1
3971	13327184	1.6	90.2
4031	13327184	1.6	90.4
4091	13327184	1.6	90.5
4151	13327184	1.6	90.6
4211	13327184	1.6	90.7
4271	13327184	1.6	90.9
4331	13327184	1.6	91
4391	13327184	1.6	91.1
4451	13327184	1.6	91.2
4511	13327184	1.6	91.3
4572	13327184	1.6	91.4
4632	13327184	1.6	91.5
4692	13327184	1.6	91.6
4752	13327184	1.6	91.7
4812	13327184	1.6	91.8
4872	13327184	1.6	91.9
4932	13327184	1.6	92
4992	13327184	1.6	92.1
5052	13327184	1.6	92.2
5112	13327184	1.6	92.2
5172	13327184	1.6	92.3
5233	13377508	1.6	92.3
5293	13378588	1.6	92.4
5353	13388784	1.6	92.5
5413	13454460	1.6	92.5
5474	13464652	1.6	92.4
5534	13464652	1.6	92.4
5594	13464652	1.6	92.3
5654	13464652	1.6	92.2
5714	13464652	1.6	92.1
5774	13464652	1.6	92.1
5835	13464652	1.6	92
5895	13464652	1.6	91.9
5955	13464652	1.6	91.9
6015	13464652	1.6	91.9
6075	13464652	1.6	91.9
6136	13464652	1.6	91.8
6196	13464652	1.6	91.9
6256	13464652	1.6	91.9
6317	13464652	1.6	92
6377	13464652	1.6	92
6437	13464652	1.6	92.1
6497	13464652	1.6	92.2
6558	13464652	1.6	92.2
6618	13464652	1.6	92.3
6678	13464652	1.6	92.3
6739	13464652	1.6	92.4
6799	13464652	1.6	92.4
6860	13464652	1.6	92.5
6920	13464652	1.6	92.6
6980	13464652	1.6	92.6
7041	13464652	1.6	92.6
7101	13496116	1.6	92.6
7161	13496116	1.6	92.6
7222	13496116	1.6	92.7
7282	13496116	1.6	92.7
7342	13496116	1.6	92.7
7403	13496116	1.6	92.8
7463	13496116	1.6	92.8
7523	13496116	1.6	92.9
7584	13503060	1.6	92.9
7644	13503060	1.6	92.8
7704	13503060	1.6	92.6
7764	13503060	1.6	92.4
7824	13503060	1.6	92.4
7884	13503060	1.6	92.5
7944	13503060	1.6	92.5
8004	13503060	1.6	92.5
8064	13503060	1.6	92.4
8124	13503060	1.6	92.5
8184	13503060	1.6	92.5
8245	13503060	1.6	92.6
8305	13503060	1.6	92.6
8365	13503060	1.6	92.6
8425	13503060	1.6	92.7
8485	13503060	1.6	92.7
8545	13503060	1.6	92.8
8605	13503060	1.6	92.8
8665	13503060	1.6	92.8
8725	13503060	1.6	92.9
8785	13503060	1.6	92.9
8845	13503060	1.6	93
8905	13503060	1.6	93
8965	13503060	1.6	93.1
9026	13503060	1.6	93.1
9086	13503060	1.6	93.1
9146	13503060	1.6	93.2
9206	13503060	1.6	93.2
9266	13503060	1.6	93.3
9326	13503060	1.6	93.3
9386	13503060	1.6	93.3
9446	13503060	1.6	93.4
9506	13503060	1.6	93.4
9566	13503060	1.6	93.5
9626	13503060	1.6	93.5
9686	13503060	1.6	93.5
9746	13503060	1.6	93.6
9807	13503060	1.6	93.6
9867	13503060	1.6	93.6
9927	13503060	1.6	93.7
9987	13503060	1.6	93.7
10047	13503060	1.6	93.7
10107	13503060	1.6	93.8
10167	13503060	1.6	93.8
10227	13503060	1.6	93.8
10287	13503060	1.6	93.9
10347	13503060	1.6	93.9
10407	13503060	1.6	93.9
10467	13503060	1.6	94
10527	13503060	1.6	94
10587	13503060	1.6	94
10648	13503060	1.6	94
10708	13503060	1.6	94.1
10768	13503060	1.6	94.1
10828	13507740	1.6	94.1
10888	13507740	1.6	94
10949	13507740	1.6	94
11009	13507740	1.6	93.9
11069	13507740	1.6	93.9
11129	13507740	1.6	93.9
11189	13507740	1.6	93.8
11249	13507740	1.6	93.8
11309	13507740	1.6	93.8
11369	13507740	1.6	93.7
11429	13507740	1.6	93.7
11489	13507740	1.6	93.7
11550	13507740	1.6	93.7
11610	13507740	1.6	93.7
11670	13507740	1.6	93.7
11731	13507740	1.6	93.7
11791	13507740	1.6	93.7
11851	13507740	1.6	93.7
11911	13507740	1.6	93.8
11972	13507740	1.6	93.8
12032	13507740	1.6	93.8
12092	13507740	1.6	93.8
12152	13507740	1.6	93.9
12213	13507740	1.6	93.9
12273	13507740	1.6	93.9
12334	13507740	1.6	94
12394	13507740	1.6	94
12454	13507740	1.6	94
12515	13507740	1.6	94
12575	13507740	1.6	94
12635	13507740	1.6	94
12696	13507740	1.6	94
12756	13507740	1.6	94
12816	13507740	1.6	94.1
12877	13507740	1.6	94.1
12937	13507740	1.6	94.1
12997	13507740	1.6	94.1
13058	13507740	1.6	94.2
13118	13509752	1.6	94.2
13178	13511624	1.6	94.1
13238	13511624	1.6	94
13298	13511624	1.6	93.9
13358	13511624	1.6	93.9
13418	13511624	1.6	94
13479	13511624	1.6	94
13539	13511624	1.6	94
13599	13511624	1.6	93.9
13659	13511624	1.6	94
13719	13511624	1.6	94
13779	13511624	1.6	94
13839	13511624	1.6	94
13899	13511624	1.6	94
13959	13511624	1.6	94
14019	13511624	1.6	94.1
14079	13511624	1.6	94.1
14139	13511624	1.6	94.1
14199	13511624	1.6	94.1
14259	13511624	1.6	94.2
14320	13511624	1.6	94.2
14380	13511624	1.6	94.2
14440	13511624	1.6	94.2
14500	13511624	1.6	94.2
14560	13511624	1.6	94.3
14620	13511624	1.6	94.3
14680	13511624	1.6	94.3
14740	13511624	1.6	94.3
14800	13511624	1.6	94.4
14860	13511624	1.6	94.4
14920	13511624	1.6	94.4
14980	13511624	1.6	94.4
15040	13511624	1.6	94.4
15100	13511624	1.6	94.5
15161	13511624	1.6	94.5
15221	13511624	1.6	94.5
15281	13511624	1.6	94.5
15341	13511624	1.6	94.5
15401	13511624	1.6	94.6
15461	13511624	1.6	94.6
15521	13511624	1.6	94.6
15581	13511624	1.6	94.6
15641	13511624	1.6	94.6
15701	13511624	1.6	94.6
15761	13511624	1.6	94.7
15821	13511624	1.6	94.7
15881	13511624	1.6	94.7
15941	13511624	1.6	94.7
16002	13511624	1.6	94.7
16062	13511624	1.6	94.8
16122	13511624	1.6	94.8
16182	13511624	1.6	94.8
16242	13511624	1.6	94.8
16303	13511624	1.6	94.8
16363	13517864	1.6	94.8
16423	13517864	1.6	94.8
16483	13517864	1.6	94.7
16543	13517864	1.6	94.7
16603	13517864	1.6	94.7
16663	13517864	1.6	94.7
16723	13517864	1.6	94.7
16783	13517864	1.6	94.6
16844	13517864	1.6	94.6
16904	13517864	1.6	94.6
16964	13517864	1.6	94.6
17024	13517864	1.6	94.6
17084	13517864	1.6	94.7
17145	13517864	1.6	94.7
17205	13517864	1.6	94.7
17265	13517864	1.6	94.7
17326	13517864	1.6	94.7
17386	13517864	1.6	94.7
17446	13517864	1.6	94.8
17507	13517864	1.6	94.8
17567	13517864	1.6	94.8
17627	13517864	1.6	94.8
17688	13517864	1.6	94.8
17748	13517864	1.6	94.8
17808	13517864	1.6	94.9
17869	13517864	1.6	94.9
17929	13517864	1.6	94.8
17989	13517988	1.6	94.8
18050	13517988	1.6	94.9
18110	13517988	1.6	94.9
18171	13517988	1.6	94.9
18231	13517988	1.6	94.9
18291	13517988	1.6	94.9
18352	13517988	1.6	94.9
18412	13517988	1.6	94.9
18472	13520060	1.6	95
18533	13520060	1.6	94.9
18593	13520060	1.6	94.9
18653	13520060	1.6	94.8
18713	13520060	1.6	94.8
18773	13520060	1.6	94.9
18833	13520060	1.6	94.9
18893	13520060	1.6	94.9
18953	13520060	1.6	94.8
19013	13520060	1.6	94.9
19073	13520060	1.6	94.9
19134	13520060	1.6	94.9
19194	13520060	1.6	94.9
19254	13520060	1.6	94.9
19314	13520060	1.6	94.9
19374	13520060	1.6	94.9
19434	13520060	1.6	94.9
19494	13520060	1.6	94.9
19554	13520060	1.6	95
19614	13520060	1.6	95
19674	13520060	1.6	95
19734	13520060	1.6	95
19794	13520060	1.6	95
19854	13520060	1.6	95
19914	13520060	1.6	95
19975	13520060	1.6	95.1
20035	13520060	1.6	95.1
20095	13520060	1.6	95.1
20155	13520060	1.6	95.1
20215	13520060	1.6	95.1
20275	13520060	1.6	95.1
20335	13520060	1.6	95.1
20395	13520060	1.6	95.1
20455	13520060	1.6	95.2
20515	13520060	1.6	95.2
20575	13520060	1.6	95.2
20635	13520060	1.6	95.2
20695	13520060	1.6	95.2
20756	13520060	1.6	95.2
20816	13520060	1.6	95.2
20876	13520060	1.6	95.3
20936	13520060	1.6	95.3
20996	13520060	1.6	95.3
21056	13520060	1.6	95.3
21116	13520060	1.6	95.3
21176	13520060	1.6	95.3
21236	13520060	1.6	95.3
21296	13520060	1.6	95.3
21356	13520060	1.6	95.3
21416	13520060	1.6	95.4
21476	13520060	1.6	95.4
21537	13520060	1.6	95.4
21597	13520060	1.6	95.4
21657	13520060	1.6	95.4
21718	13526300	1.6	95.4
21778	13526300	1.6	95.4
21838	13526300	1.6	95.3
21898	13526300	1.6	95.3
21958	13526300	1.6	95.3
22018	13526300	1.6	95.3
22078	13526300	1.6	95.3
22138	13526300	1.6	95.3
22198	13526300	1.6	95.2
22259	13526300	1.6	95.2
22319	13526300	1.6	95.2
22379	13526300	1.6	95.2
22439	13526300	1.6	95.2
22500	13526300	1.6	95.2
22560	13526300	1.6	95.2
22621	13526300	1.6	95.3
22681	13526300	1.6	95.3
22741	13526300	1.6	95.3
22802	13526300	1.6	95.3
22862	13526300	1.6	95.3
22922	13526300	1.6	95.3
22983	13526300	1.6	95.3
23043	13526300	1.6	95.3
23104	13526300	1.6	95.3
23164	13526300	1.6	95.3
23224	13526300	1.6	95.4
23285	13526300	1.6	95.4
23345	13526300	1.6	95.4
23405	13526300	1.6	95.4
23466	13526300	1.6	95.4
23526	13526404	1.6	95.4
23587	13526404	1.6	95.4
23647	13526404	1.6	95.4
23708	13526404	1.6	95.4
23768	13526404	1.6	95.4
23828	13526404	1.6	95.4
23889	13526404	1.6	95.4
23949	13526404	1.6	95.4
24009	13526404	1.6	95.5
24070	13541364	1.6	95.5
24130	13541364	1.6	95.4
24190	13541364	1.6	95.4
24250	13541364	1.6	95.3
24310	13541364	1.6	95.3
24370	13541364	1.6	95.3
24430	13541364	1.6	95.4
24490	13541364	1.6	95.3
24550	13541364	1.6	95.3
24610	13541364	1.6	95.3
24670	13541364	1.6	95.3
24730	13541364	1.6	95.3
24790	13541364	1.6	95.4
24850	13541364	1.6	95.4
24911	13541364	1.6	95.4
24971	13541364	1.6	95.4
25031	13541364	1.6	95.4
25091	13541364	1.6	95.4
25151	13541364	1.6	95.4
25211	13541364	1.6	95.4
25271	13541364	1.6	95.4
25331	13541364	1.6	95.4
25391	13541364	1.6	95.4
25451	13541364	1.6	95.5
25511	13541364	1.6	95.5
25571	13541364	1.6	95.5
25631	13541364	1.6	95.5
25691	13541364	1.6	95.5
25752	13541364	1.6	95.5
25812	13541364	1.6	95.5
25872	13541364	1.6	95.5
25932	13541364	1.6	95.5
25992	13541364	1.6	95.5
26052	13541364	1.6	95.5
26112	13541364	1.6	95.6
26172	13541364	1.6	95.6
26232	13541364	1.6	95.6
26292	13541364	1.6	95.6
26352	13541364	1.6	95.6
26412	13541364	1.6	95.6
26472	13541364	1.6	95.6
26532	13541364	1.6	95.6
26593	13541364	1.6	95.6
26653	13541364	1.6	95.6
26713	13541364	1.6	95.6
26773	13541364	1.6	95.7
26833	13541364	1.6	95.7
26893	13541364	1.6	95.7
26953	13541364	1.6	95.7
27013	13541364	1.6	95.7
27073	13541364	1.6	95.7
27133	13541364	1.6	95.7
27194	13541364	1.6	95.7
27254	13541364	1.6	95.7
27314	13546044	1.6	95.7
27374	13546044	1.6	95.7
27435	13546044	1.6	95.7
27495	13546044	1.6	95.7
27555	13546044	1.6	95.6
27615	13546044	1.6	95.6
27675	13546044	1.6	95.6
27735	13546044	1.6	95.6
27795	13546044	1.6	95.6
27855	13546044	1.6	95.6
27916	13546044	1.6	95.6
27976	13546044	1.6	95.6
28037	13546044	1.6	95.6
28097	13546044	1.6	95.6
28158	13546044	1.6	95.6
28218	13546044	1.6	95.6
28278	13546044	1.6	95.6
28339	13546044	1.6	95.7
28399	13546044	1.6	95.7
28459	13546044	1.6	95.7
28520	13546044	1.6	95.7
28580	13546044	1.6	95.7
28641	13546044	1.6	95.7
28701	13546044	1.6	95.7
28761	13546044	1.6	95.7
28822	13546044	1.6	95.7
28882	13546044	1.6	95.7
28942	13546044	1.6	95.7
29003	13551948	1.6	95.7
29063	13560628	1.6	95.7
29124	13560628	1.6	95.7
29184	13560628	1.6	95.7
29244	13560628	1.6	95.7
29305	13560628	1.6	95.7
29365	13560628	1.6	95.8
29425	13560628	1.6	95.8
29486	13560628	1.6	95.8
29546	13560628	1.6	95.8
29606	13561496	1.6	95.8
29666	13561496	1.6	95.8
29726	13561496	1.6	95.7
29787	13561496	1.6	95.7
29847	13561496	1.6	95.7
29907	13561496	1.6	95.7
29967	13561496	1.6	95.7
30027	13561496	1.6	95.7
30087	13561496	1.6	95.7
30147	13561496	1.6	95.7
30207	13561496	1.6	95.7
30267	13561496	1.6	95.7
30327	13561496	1.6	95.7
30387	13561496	1.6	95.7
30447	13561496	1.6	95.7
30507	13561496	1.6	95.7
30568	13561496	1.6	95.8
30628	13561496	1.6	95.8
30688	13561496	1.6	95.8
30748	13561496	1.6	95.8
30808	13561496	1.6	95.8
30868	13561496	1.6	95.8
30928	13561496	1.6	95.8
30988	13561496	1.6	95.8
31048	13561496	1.6	95.8
31108	13561496	1.6	95.8
31168	13561496	1.6	95.8
31228	13561496	1.6	95.8
31288	13561496	1.6	95.8
31348	13561496	1.6	95.8
31409	13561496	1.6	95.9
31469	13561496	1.6	95.9
31529	13561496	1.6	95.9
31589	13561496	1.6	95.9
31649	13561496	1.6	95.9
31709	13561496	1.6	95.9
31769	13561496	1.6	95.9
31829	13561496	1.6	95.9
31889	13561496	1.6	95.9
31949	13561496	1.6	95.9
32009	13561496	1.6	95.9
32069	13561496	1.6	95.9
32129	13561496	1.6	95.9
32189	13561496	1.6	95.9
32249	13561496	1.6	96
32310	13561496	1.6	96
32370	13561496	1.6	96
32430	13561496	1.6	96
32490	13561496	1.6	96
32550	13561496	1.6	96
32610	13561496	1.6	96
32670	13561496	1.6	96
32731	13561496	1.6	96
32791	13561496	1.6	96
32851	13561496	1.6	96
32911	13561496	1.6	96
32971	13561496	1.6	96
33031	13561496	1.6	95.9
33092	13561496	1.6	95.9
33152	13561496	1.6	95.9
33212	13561496	1.6	95.9
33272	13561496	1.6	95.9
33332	13561496	1.6	95.9
33393	13561496	1.6	95.9
33453	13561496	1.6	95.9
33513	13561496	1.6	95.9
33574	13561496	1.6	95.9
33634	13561496	1.6	95.9
33694	13561496	1.6	95.9
33755	13561496	1.6	95.9
33815	13561496	1.6	95.9
33876	13561496	1.6	95.9
33936	13561496	1.6	95.9
33996	13561496	1.6	95.9
34057	13561496	1.6	95.9
34117	13561496	1.6	96
34177	13561496	1.6	96
34238	13561496	1.6	96
34298	13561496	1.6	96
34359	13561496	1.6	96
34419	13561496	1.6	96
34480	13561496	1.6	96
34540	13561496	1.6	96
34601	13561496	1.6	96
34661	13561496	1.6	96
34721	13561496	1.6	96
34781	13561496	1.6	96
34842	13561496	1.6	96
34902	13561496	1.6	96
34963	13561496	1.6	96
35023	13561496	1.6	96
35083	13561496	1.6	96
35143	13561816	1.6	96
35204	13565736	1.6	96
35264	13565736	1.6	95.9
35324	13565736	1.6	95.9
35384	13565736	1.6	95.9
35444	13565736	1.6	95.9
35504	13565736	1.6	95.9
35564	13565736	1.6	95.9
35625	13565736	1.6	95.9
35685	13565736	1.6	95.9
35745	13565736	1.6	95.9
35805	13565736	1.6	95.9
35865	13565736	1.6	95.9
35925	13565736	1.6	95.9
35985	13565736	1.6	95.9
36045	13565736	1.6	95.9
36105	13565736	1.6	95.9
36165	13565736	1.6	95.9
36225	13565736	1.6	95.9
36285	13565736	1.6	95.9
36345	13565736	1.6	96
36405	13565736	1.6	96
36466	13565736	1.6	96
36526	13565736	1.6	96
36586	13565736	1.6	96
36646	13565736	1.6	96
36706	13565736	1.6	96
36766	13565736	1.6	96
36826	13565736	1.6	96
36886	13565736	1.6	96
36946	13565736	1.6	96
37006	13565736	1.6	96
37066	13565736	1.6	96
37126	13565736	1.6	96
37186	13565736	1.6	96
37247	13565736	1.6	96
37307	13565736	1.6	96
37367	13565736	1.6	96.1
37427	13565736	1.6	96.1
37487	13565736	1.6	96.1
37547	13565736	1.6	96.1
37607	13565736	1.6	96.1
37667	13565736	1.6	96.1
37727	13565736	1.6	96.1
37787	13565736	1.6	96.1
37847	13565736	1.6	96.1
37907	13565736	1.6	96.1
37967	13565736	1.6	96.1
38027	13565736	1.6	96.1
38088	13565736	1.6	96.1
38148	13565736	1.6	96.1
38208	13565736	1.6	96.1
38268	13565736	1.6	96.1
38329	13565736	1.6	96.1
38389	13565736	1.6	96.1
38449	13565736	1.6	96.1
38509	13565736	1.6	96.1
38570	13565736	1.6	96.1
38630	13565736	1.6	96.1
38690	13565736	1.6	96.1
38750	13565736	1.6	96.1
38810	13565736	1.6	96
38870	13565736	1.6	96
38930	13565736	1.6	96
38990	13565736	1.6	96
39051	13565736	1.6	96
39111	13565736	1.6	96
39171	13565736	1.6	96
39232	13565736	1.6	96
39292	13565736	1.6	96
39352	13565736	1.6	96
39413	13565736	1.6	96
39473	13565736	1.6	96
39534	13565736	1.6	96
39594	13565736	1.6	96
39654	13565736	1.6	96
39715	13565736	1.6	96
39775	13565736	1.6	96
39835	13565736	1.6	96
39896	13565736	1.6	96
39956	13565736	1.6	96.1
40017	13565736	1.6	96.1
40077	13565736	1.6	96.1
40137	13565736	1.6	96.1
40198	13568688	1.6	96
40258	13569724	1.6	96
40319	13569728	1.6	96.1
40379	13569732	1.6	96.1
40440	13569824	1.6	96.1
40500	13569840	1.6	96.1
40560	13569840	1.6	96.1
40621	13569840	1.6	96.1
40681	13569840	1.6	96.1
40741	13570192	1.6	96.1
40801	13605172	1.7	96.1
40862	13605828	1.7	96.1
40922	13605828	1.7	96
40982	13605828	1.7	96
41042	13605828	1.7	96
41102	13605828	1.7	96
41162	13605828	1.7	96
41222	13605828	1.7	96
41283	13605828	1.7	96
41343	13605828	1.7	96
41403	13605828	1.7	96
41463	13605828	1.7	96
41523	13605828	1.7	96
41583	13605828	1.7	96
41643	13605828	1.7	96
41703	13605828	1.7	96
41763	13605828	1.7	96
41823	13605828	1.7	96
41883	13605828	1.7	96.1
41943	13605828	1.7	96.1
42004	13605828	1.7	96.1
42064	13605828	1.7	96.1
42124	13605828	1.7	96.1
42184	13605828	1.7	96.1
42244	13605828	1.7	96.1
42304	13605828	1.7	96.1
42364	13605828	1.7	96.1
42424	13605828	1.7	96.1
42484	13605828	1.7	96.1
42544	13605828	1.7	96.1
42604	13605828	1.7	96.1
42664	13605828	1.7	96.1
42724	13605828	1.7	96.1
42784	13605828	1.7	96.1
42845	13605828	1.7	96.1
42905	13605828	1.7	96.1
42965	13605828	1.7	96.1
