Result of /data/leuven/370/vsc37064/new_queries_named_graph_join_order/query_14.txt:
OpenLink Virtuoso Interactive SQL (Virtuoso)
Version 07.20.3240 as of Mar 11 2025
Type HELP; for help and EXIT; to exit.
Connected to OpenLink Virtuoso
Driver: 07.20.3240 OpenLink Virtuoso ODBC Driver
benchmarkName
LONG VARCHAR
_______________________________________________________________________________

# Correct Groups evaluation for Human Performance model
# Solved Walls evaluation for Human Performance model
Accuracy  evaluation for Human benchmark model
Accuracy evaluation for Deep Comparison Network model
Accuracy evaluation for Human Benchmark model
Accuracy evaluation for Human Performance (single annotator) model
Accuracy evaluation for Human benchmark model
Average F1 evaluation for Human Benchmark model
EM  evaluation for Human Benchmark model
Execution Accurarcy (Human) evaluation for Human Performance model
MCC evaluation for Human Benchmark model
Mean Normalized Performance evaluation for PPG model
Mean Normalized Performance evaluation for PPO model
run 10 scimark_benchmark evaluation
run 100 scimark_benchmark evaluation
run 10000 scimark_benchmark evaluation
run 10002 scimark_benchmark evaluation
run 10005 scimark_benchmark evaluation
run 10006 scimark_benchmark evaluation
run 10009 scimark_benchmark evaluation
run 10011 scimark_benchmark evaluation
run 10012 scimark_benchmark evaluation
run 10013 scimark_benchmark evaluation
run 10015 scimark_benchmark evaluation
run 10016 scimark_benchmark evaluation
run 10017 scimark_benchmark evaluation
run 10018 scimark_benchmark evaluation
run 10019 scimark_benchmark evaluation
run 10021 scimark_benchmark evaluation
run 100224 scimark_benchmark evaluation
run 100227 scimark_benchmark evaluation
run 100228 scimark_benchmark evaluation
run 100229 scimark_benchmark evaluation
run 10023 scimark_benchmark evaluation
run 100230 scimark_benchmark evaluation
run 100231 scimark_benchmark evaluation
run 100232 scimark_benchmark evaluation
run 100233 scimark_benchmark evaluation
run 100234 scimark_benchmark evaluation
run 100235 scimark_benchmark evaluation
run 100236 scimark_benchmark evaluation
run 100237 scimark_benchmark evaluation
run 100239 scimark_benchmark evaluation
run 10024 scimark_benchmark evaluation
run 100240 scimark_benchmark evaluation
run 100241 scimark_benchmark evaluation
run 100242 scimark_benchmark evaluation
run 100243 scimark_benchmark evaluation
run 100244 scimark_benchmark evaluation
run 100246 scimark_benchmark evaluation
run 100247 scimark_benchmark evaluation
run 100248 scimark_benchmark evaluation
run 100249 scimark_benchmark evaluation
run 10025 scimark_benchmark evaluation
run 100250 scimark_benchmark evaluation
run 100251 scimark_benchmark evaluation
run 100252 scimark_benchmark evaluation
run 100253 scimark_benchmark evaluation
run 100255 scimark_benchmark evaluation
run 100256 scimark_benchmark evaluation
run 100257 scimark_benchmark evaluation
run 100258 scimark_benchmark evaluation
run 100259 scimark_benchmark evaluation
run 10026 scimark_benchmark evaluation
run 100260 scimark_benchmark evaluation
run 100261 scimark_benchmark evaluation
run 100262 scimark_benchmark evaluation
run 100263 scimark_benchmark evaluation
run 100264 scimark_benchmark evaluation
run 100265 scimark_benchmark evaluation
run 100266 scimark_benchmark evaluation
run 100267 scimark_benchmark evaluation
run 100269 scimark_benchmark evaluation
run 100270 scimark_benchmark evaluation
run 100271 scimark_benchmark evaluation
run 100272 scimark_benchmark evaluation
run 100273 scimark_benchmark evaluation
run 100275 scimark_benchmark evaluation
run 100276 scimark_benchmark evaluation
run 100277 scimark_benchmark evaluation
run 100278 scimark_benchmark evaluation
run 100279 scimark_benchmark evaluation
run 10028 scimark_benchmark evaluation
run 100280 scimark_benchmark evaluation
run 100281 scimark_benchmark evaluation
run 100282 scimark_benchmark evaluation
run 100283 scimark_benchmark evaluation
run 100284 scimark_benchmark evaluation
run 100285 scimark_benchmark evaluation
run 100286 scimark_benchmark evaluation
run 100287 scimark_benchmark evaluation
run 100289 scimark_benchmark evaluation
run 100290 scimark_benchmark evaluation
run 100291 scimark_benchmark evaluation
run 100292 scimark_benchmark evaluation
run 100294 scimark_benchmark evaluation
run 100295 scimark_benchmark evaluation
run 100296 scimark_benchmark evaluation
run 100297 scimark_benchmark evaluation
run 100298 scimark_benchmark evaluation
run 100299 scimark_benchmark evaluation
run 10030 scimark_benchmark evaluation
run 100300 scimark_benchmark evaluation
run 100301 scimark_benchmark evaluation
run 100302 scimark_benchmark evaluation
run 100303 scimark_benchmark evaluation
run 100304 scimark_benchmark evaluation
run 100305 scimark_benchmark evaluation
run 100306 scimark_benchmark evaluation
run 100307 scimark_benchmark evaluation
run 100308 scimark_benchmark evaluation
run 100309 scimark_benchmark evaluation
run 10031 scimark_benchmark evaluation
run 100310 scimark_benchmark evaluation
run 100311 scimark_benchmark evaluation
run 100312 scimark_benchmark evaluation
run 100313 scimark_benchmark evaluation
run 100314 scimark_benchmark evaluation
run 100316 scimark_benchmark evaluation
run 100317 scimark_benchmark evaluation
run 100318 scimark_benchmark evaluation
run 100319 scimark_benchmark evaluation
run 10032 scimark_benchmark evaluation
run 100322 scimark_benchmark evaluation
run 100323 scimark_benchmark evaluation
run 100324 scimark_benchmark evaluation
run 100325 scimark_benchmark evaluation
run 100326 scimark_benchmark evaluation
run 100327 scimark_benchmark evaluation
run 100328 scimark_benchmark evaluation
run 100329 scimark_benchmark evaluation
run 10033 scimark_benchmark evaluation
run 100330 scimark_benchmark evaluation
run 100331 scimark_benchmark evaluation
run 100332 scimark_benchmark evaluation
run 100333 scimark_benchmark evaluation
run 100334 scimark_benchmark evaluation
run 100336 scimark_benchmark evaluation
run 100337 scimark_benchmark evaluation
run 100338 scimark_benchmark evaluation
run 100339 scimark_benchmark evaluation
run 10034 scimark_benchmark evaluation
run 100340 scimark_benchmark evaluation
run 100342 scimark_benchmark evaluation
run 100343 scimark_benchmark evaluation
run 100344 scimark_benchmark evaluation
run 100345 scimark_benchmark evaluation
run 100346 scimark_benchmark evaluation
run 100347 scimark_benchmark evaluation
run 100348 scimark_benchmark evaluation
run 100349 scimark_benchmark evaluation
run 10035 scimark_benchmark evaluation
run 100350 scimark_benchmark evaluation
run 100351 scimark_benchmark evaluation
run 100352 scimark_benchmark evaluation
run 100353 scimark_benchmark evaluation
run 100354 scimark_benchmark evaluation
run 100355 scimark_benchmark evaluation
run 100356 scimark_benchmark evaluation
run 100357 scimark_benchmark evaluation
run 100358 scimark_benchmark evaluation
run 100359 scimark_benchmark evaluation
run 10036 scimark_benchmark evaluation
run 100360 scimark_benchmark evaluation
run 100363 scimark_benchmark evaluation
run 100364 scimark_benchmark evaluation
run 100366 scimark_benchmark evaluation
run 100367 scimark_benchmark evaluation
run 100368 scimark_benchmark evaluation
run 100369 scimark_benchmark evaluation
run 10037 scimark_benchmark evaluation
run 100371 scimark_benchmark evaluation
run 100373 scimark_benchmark evaluation
run 100376 scimark_benchmark evaluation
run 100377 scimark_benchmark evaluation
run 100378 scimark_benchmark evaluation
run 100379 scimark_benchmark evaluation
run 10038 scimark_benchmark evaluation
run 100380 scimark_benchmark evaluation
run 100381 scimark_benchmark evaluation
run 100383 scimark_benchmark evaluation
run 100384 scimark_benchmark evaluation
run 100385 scimark_benchmark evaluation
run 100386 scimark_benchmark evaluation
run 100387 scimark_benchmark evaluation
run 100388 scimark_benchmark evaluation
run 100389 scimark_benchmark evaluation
run 100390 scimark_benchmark evaluation
run 100391 scimark_benchmark evaluation
run 100392 scimark_benchmark evaluation
run 100393 scimark_benchmark evaluation
run 100394 scimark_benchmark evaluation
run 100396 scimark_benchmark evaluation
run 100398 scimark_benchmark evaluation
run 10040 scimark_benchmark evaluation
run 100401 scimark_benchmark evaluation
run 100403 scimark_benchmark evaluation
run 100404 scimark_benchmark evaluation
run 100406 scimark_benchmark evaluation
run 100407 scimark_benchmark evaluation
run 100408 scimark_benchmark evaluation
run 100409 scimark_benchmark evaluation
run 10041 scimark_benchmark evaluation
run 100410 scimark_benchmark evaluation
run 100414 scimark_benchmark evaluation
run 100415 scimark_benchmark evaluation
run 100416 scimark_benchmark evaluation
run 100417 scimark_benchmark evaluation
run 100418 scimark_benchmark evaluation
run 100419 scimark_benchmark evaluation
run 100420 scimark_benchmark evaluation
run 100421 scimark_benchmark evaluation
run 100422 scimark_benchmark evaluation
run 100423 scimark_benchmark evaluation
run 100425 scimark_benchmark evaluation
run 100431 scimark_benchmark evaluation
run 100432 scimark_benchmark evaluation
run 100433 scimark_benchmark evaluation
run 100434 scimark_benchmark evaluation
run 100435 scimark_benchmark evaluation
run 100436 scimark_benchmark evaluation
run 100438 scimark_benchmark evaluation
run 100439 scimark_benchmark evaluation
run 10044 scimark_benchmark evaluation
run 100440 scimark_benchmark evaluation
run 100441 scimark_benchmark evaluation
run 100442 scimark_benchmark evaluation
run 10045 scimark_benchmark evaluation
run 100450 scimark_benchmark evaluation
run 100452 scimark_benchmark evaluation
run 100453 scimark_benchmark evaluation
run 100454 scimark_benchmark evaluation
run 100455 scimark_benchmark evaluation
run 100457 scimark_benchmark evaluation
run 100458 scimark_benchmark evaluation
run 10046 scimark_benchmark evaluation
run 100461 scimark_benchmark evaluation
run 100464 scimark_benchmark evaluation
run 100466 scimark_benchmark evaluation
run 100469 scimark_benchmark evaluation
run 10047 scimark_benchmark evaluation
run 100470 scimark_benchmark evaluation
run 100471 scimark_benchmark evaluation
run 100473 scimark_benchmark evaluation
run 100474 scimark_benchmark evaluation
run 100475 scimark_benchmark evaluation
run 100476 scimark_benchmark evaluation
run 100477 scimark_benchmark evaluation
run 100478 scimark_benchmark evaluation
run 100483 scimark_benchmark evaluation
run 100484 scimark_benchmark evaluation
run 100485 scimark_benchmark evaluation
run 100486 scimark_benchmark evaluation
run 100487 scimark_benchmark evaluation
run 100488 scimark_benchmark evaluation
run 100489 scimark_benchmark evaluation
run 10049 scimark_benchmark evaluation
run 100490 scimark_benchmark evaluation
run 100492 scimark_benchmark evaluation
run 100493 scimark_benchmark evaluation
run 100494 scimark_benchmark evaluation
run 100495 scimark_benchmark evaluation
run 100496 scimark_benchmark evaluation
run 100497 scimark_benchmark evaluation
run 100498 scimark_benchmark evaluation
run 100499 scimark_benchmark evaluation
run 1005 scimark_benchmark evaluation
run 10050 scimark_benchmark evaluation
run 100500 scimark_benchmark evaluation
run 100501 scimark_benchmark evaluation
run 100502 scimark_benchmark evaluation
run 100503 scimark_benchmark evaluation
run 100504 scimark_benchmark evaluation
run 100505 scimark_benchmark evaluation
run 100506 scimark_benchmark evaluation
run 100507 scimark_benchmark evaluation
run 100508 scimark_benchmark evaluation
run 100509 scimark_benchmark evaluation
run 10051 scimark_benchmark evaluation
run 100511 scimark_benchmark evaluation
run 100512 scimark_benchmark evaluation
run 100513 scimark_benchmark evaluation
run 100514 scimark_benchmark evaluation
run 100515 scimark_benchmark evaluation
run 100516 scimark_benchmark evaluation
run 100517 scimark_benchmark evaluation
run 100518 scimark_benchmark evaluation
run 100519 scimark_benchmark evaluation
run 10052 scimark_benchmark evaluation
run 100520 scimark_benchmark evaluation
run 100521 scimark_benchmark evaluation
run 100522 scimark_benchmark evaluation
run 100523 scimark_benchmark evaluation
run 100524 scimark_benchmark evaluation
run 100525 scimark_benchmark evaluation
run 100526 scimark_benchmark evaluation
run 100528 scimark_benchmark evaluation
run 100529 scimark_benchmark evaluation
run 10053 scimark_benchmark evaluation
run 100532 scimark_benchmark evaluation
run 100533 scimark_benchmark evaluation
run 100534 scimark_benchmark evaluation
run 100535 scimark_benchmark evaluation
run 100536 scimark_benchmark evaluation
run 100537 scimark_benchmark evaluation
run 100538 scimark_benchmark evaluation
run 100539 scimark_benchmark evaluation
run 10054 scimark_benchmark evaluation
run 100540 scimark_benchmark evaluation
run 100541 scimark_benchmark evaluation
run 100543 scimark_benchmark evaluation
run 100544 scimark_benchmark evaluation
run 100545 scimark_benchmark evaluation
run 100546 scimark_benchmark evaluation
run 100547 scimark_benchmark evaluation
run 100548 scimark_benchmark evaluation
run 100549 scimark_benchmark evaluation
run 10055 scimark_benchmark evaluation
run 100550 scimark_benchmark evaluation
run 100551 scimark_benchmark evaluation
run 100552 scimark_benchmark evaluation
run 100553 scimark_benchmark evaluation
run 100554 scimark_benchmark evaluation
run 100555 scimark_benchmark evaluation
run 100556 scimark_benchmark evaluation
run 100558 scimark_benchmark evaluation
run 100559 scimark_benchmark evaluation
run 10056 scimark_benchmark evaluation
run 100560 scimark_benchmark evaluation
run 100561 scimark_benchmark evaluation
run 100562 scimark_benchmark evaluation
run 100563 scimark_benchmark evaluation
run 100564 scimark_benchmark evaluation
run 100565 scimark_benchmark evaluation
run 100566 scimark_benchmark evaluation
run 100567 scimark_benchmark evaluation
run 100569 scimark_benchmark evaluation
run 10057 scimark_benchmark evaluation
run 100570 scimark_benchmark evaluation
run 100571 scimark_benchmark evaluation
run 100572 scimark_benchmark evaluation
run 100573 scimark_benchmark evaluation
run 100574 scimark_benchmark evaluation
run 100575 scimark_benchmark evaluation
run 100576 scimark_benchmark evaluation
run 100577 scimark_benchmark evaluation
run 100578 scimark_benchmark evaluation
run 100579 scimark_benchmark evaluation
run 100580 scimark_benchmark evaluation
run 100581 scimark_benchmark evaluation
run 100582 scimark_benchmark evaluation
run 100583 scimark_benchmark evaluation
run 100584 scimark_benchmark evaluation
run 100585 scimark_benchmark evaluation
run 100586 scimark_benchmark evaluation
run 100587 scimark_benchmark evaluation
run 100588 scimark_benchmark evaluation
run 100589 scimark_benchmark evaluation
run 10059 scimark_benchmark evaluation
run 100590 scimark_benchmark evaluation
run 100591 scimark_benchmark evaluation
run 100592 scimark_benchmark evaluation
run 100593 scimark_benchmark evaluation
run 100594 scimark_benchmark evaluation
run 100595 scimark_benchmark evaluation
run 100596 scimark_benchmark evaluation
run 100597 scimark_benchmark evaluation
run 100598 scimark_benchmark evaluation
run 100599 scimark_benchmark evaluation
run 1006 scimark_benchmark evaluation
run 10060 scimark_benchmark evaluation
run 100600 scimark_benchmark evaluation
run 100601 scimark_benchmark evaluation
run 100602 scimark_benchmark evaluation
run 100603 scimark_benchmark evaluation
run 100604 scimark_benchmark evaluation
run 100605 scimark_benchmark evaluation
run 100606 scimark_benchmark evaluation
run 100607 scimark_benchmark evaluation
run 100608 scimark_benchmark evaluation
run 100609 scimark_benchmark evaluation
run 100610 scimark_benchmark evaluation
run 100611 scimark_benchmark evaluation
run 100612 scimark_benchmark evaluation
run 100613 scimark_benchmark evaluation
run 100615 scimark_benchmark evaluation
run 100616 scimark_benchmark evaluation
run 100617 scimark_benchmark evaluation
run 100618 scimark_benchmark evaluation
run 100619 scimark_benchmark evaluation
run 10062 scimark_benchmark evaluation
run 100621 scimark_benchmark evaluation
run 100622 scimark_benchmark evaluation
run 100623 scimark_benchmark evaluation
run 100624 scimark_benchmark evaluation
run 100625 scimark_benchmark evaluation
run 100626 scimark_benchmark evaluation
run 100627 scimark_benchmark evaluation
run 100628 scimark_benchmark evaluation
run 100629 scimark_benchmark evaluation
run 10063 scimark_benchmark evaluation
run 100630 scimark_benchmark evaluation
run 100631 scimark_benchmark evaluation
run 100632 scimark_benchmark evaluation
run 100633 scimark_benchmark evaluation
run 100634 scimark_benchmark evaluation
run 100635 scimark_benchmark evaluation
run 100636 scimark_benchmark evaluation
run 100637 scimark_benchmark evaluation
run 100638 scimark_benchmark evaluation
run 100639 scimark_benchmark evaluation
run 10064 scimark_benchmark evaluation
run 100640 scimark_benchmark evaluation
run 100641 scimark_benchmark evaluation
run 100642 scimark_benchmark evaluation
run 100644 scimark_benchmark evaluation
run 100645 scimark_benchmark evaluation
run 100646 scimark_benchmark evaluation
run 100647 scimark_benchmark evaluation
run 100648 scimark_benchmark evaluation
run 100649 scimark_benchmark evaluation
run 10065 scimark_benchmark evaluation
run 100650 scimark_benchmark evaluation
run 100651 scimark_benchmark evaluation
run 100652 scimark_benchmark evaluation
run 100653 scimark_benchmark evaluation
run 100655 scimark_benchmark evaluation
run 100656 scimark_benchmark evaluation
run 100657 scimark_benchmark evaluation
run 100658 scimark_benchmark evaluation
run 100659 scimark_benchmark evaluation
run 10066 scimark_benchmark evaluation
run 100660 scimark_benchmark evaluation
run 100661 scimark_benchmark evaluation
run 100662 scimark_benchmark evaluation
run 100664 scimark_benchmark evaluation
run 100665 scimark_benchmark evaluation
run 100666 scimark_benchmark evaluation
run 100669 scimark_benchmark evaluation
run 10067 scimark_benchmark evaluation
run 100670 scimark_benchmark evaluation
run 100671 scimark_benchmark evaluation
run 100675 scimark_benchmark evaluation
run 100676 scimark_benchmark evaluation
run 100677 scimark_benchmark evaluation
run 100678 scimark_benchmark evaluation
run 100679 scimark_benchmark evaluation
run 10068 scimark_benchmark evaluation
run 100680 scimark_benchmark evaluation
run 100681 scimark_benchmark evaluation
run 100684 scimark_benchmark evaluation
run 100686 scimark_benchmark evaluation
run 100687 scimark_benchmark evaluation
run 100688 scimark_benchmark evaluation
run 100689 scimark_benchmark evaluation
run 10069 scimark_benchmark evaluation
run 100690 scimark_benchmark evaluation
run 100691 scimark_benchmark evaluation
run 100692 scimark_benchmark evaluation
run 100693 scimark_benchmark evaluation
run 100694 scimark_benchmark evaluation
run 100695 scimark_benchmark evaluation
run 100697 scimark_benchmark evaluation
run 100698 scimark_benchmark evaluation
run 10070 scimark_benchmark evaluation
run 100701 scimark_benchmark evaluation
run 100702 scimark_benchmark evaluation
run 100703 scimark_benchmark evaluation
run 100704 scimark_benchmark evaluation
run 100705 scimark_benchmark evaluation
run 100706 scimark_benchmark evaluation
run 100707 scimark_benchmark evaluation
run 100709 scimark_benchmark evaluation
run 100711 scimark_benchmark evaluation
run 100712 scimark_benchmark evaluation
run 100713 scimark_benchmark evaluation
run 100714 scimark_benchmark evaluation
run 100715 scimark_benchmark evaluation
run 100716 scimark_benchmark evaluation
run 100717 scimark_benchmark evaluation
run 100718 scimark_benchmark evaluation
run 100719 scimark_benchmark evaluation
run 10072 scimark_benchmark evaluation
run 100720 scimark_benchmark evaluation
run 100721 scimark_benchmark evaluation
run 100722 scimark_benchmark evaluation
run 100723 scimark_benchmark evaluation
run 100725 scimark_benchmark evaluation
run 100726 scimark_benchmark evaluation
run 100728 scimark_benchmark evaluation
run 100729 scimark_benchmark evaluation
run 10073 scimark_benchmark evaluation
run 100730 scimark_benchmark evaluation
run 100731 scimark_benchmark evaluation
run 100732 scimark_benchmark evaluation
run 100734 scimark_benchmark evaluation
run 100735 scimark_benchmark evaluation
run 100736 scimark_benchmark evaluation
run 100737 scimark_benchmark evaluation
run 100739 scimark_benchmark evaluation
run 10074 scimark_benchmark evaluation
run 100740 scimark_benchmark evaluation
run 100742 scimark_benchmark evaluation
run 100743 scimark_benchmark evaluation
run 100745 scimark_benchmark evaluation
run 100746 scimark_benchmark evaluation
run 100749 scimark_benchmark evaluation
run 10075 scimark_benchmark evaluation
run 100750 scimark_benchmark evaluation
run 100751 scimark_benchmark evaluation
run 100753 scimark_benchmark evaluation
run 100754 scimark_benchmark evaluation
run 100755 scimark_benchmark evaluation
run 100757 scimark_benchmark evaluation
run 100758 scimark_benchmark evaluation
run 10076 scimark_benchmark evaluation
run 100760 scimark_benchmark evaluation
run 100761 scimark_benchmark evaluation
run 100762 scimark_benchmark evaluation
run 100763 scimark_benchmark evaluation
run 100764 scimark_benchmark evaluation
run 100765 scimark_benchmark evaluation
run 100766 scimark_benchmark evaluation
run 100768 scimark_benchmark evaluation
run 10077 scimark_benchmark evaluation
run 100770 scimark_benchmark evaluation
run 100771 scimark_benchmark evaluation
run 100772 scimark_benchmark evaluation
run 100773 scimark_benchmark evaluation
run 100774 scimark_benchmark evaluation
run 100775 scimark_benchmark evaluation
run 100776 scimark_benchmark evaluation
run 100777 scimark_benchmark evaluation
run 100778 scimark_benchmark evaluation
run 100779 scimark_benchmark evaluation
run 10078 scimark_benchmark evaluation
run 100780 scimark_benchmark evaluation
run 100781 scimark_benchmark evaluation
run 100782 scimark_benchmark evaluation
run 100783 scimark_benchmark evaluation
run 100784 scimark_benchmark evaluation
run 100785 scimark_benchmark evaluation
run 100786 scimark_benchmark evaluation
run 100787 scimark_benchmark evaluation
run 100788 scimark_benchmark evaluation
run 100789 scimark_benchmark evaluation
run 10079 scimark_benchmark evaluation
run 100790 scimark_benchmark evaluation
run 100791 scimark_benchmark evaluation
run 100792 scimark_benchmark evaluation
run 100794 scimark_benchmark evaluation
run 100798 scimark_benchmark evaluation
run 1008 scimark_benchmark evaluation
run 10080 scimark_benchmark evaluation
run 100801 scimark_benchmark evaluation
run 100802 scimark_benchmark evaluation
run 100804 scimark_benchmark evaluation
run 100805 scimark_benchmark evaluation
run 10081 scimark_benchmark evaluation
run 100812 scimark_benchmark evaluation
run 100814 scimark_benchmark evaluation
run 10082 scimark_benchmark evaluation
run 100821 scimark_benchmark evaluation
run 100824 scimark_benchmark evaluation
run 100829 scimark_benchmark evaluation
run 100832 scimark_benchmark evaluation
run 100834 scimark_benchmark evaluation
run 100839 scimark_benchmark evaluation
run 10084 scimark_benchmark evaluation
run 100841 scimark_benchmark evaluation
run 100843 scimark_benchmark evaluation
run 100844 scimark_benchmark evaluation
run 100846 scimark_benchmark evaluation
run 100847 scimark_benchmark evaluation
run 100849 scimark_benchmark evaluation
run 10085 scimark_benchmark evaluation
run 100854 scimark_benchmark evaluation
run 100855 scimark_benchmark evaluation
run 100856 scimark_benchmark evaluation
run 10086 scimark_benchmark evaluation
run 100862 scimark_benchmark evaluation
run 100864 scimark_benchmark evaluation
run 100865 scimark_benchmark evaluation
run 100868 scimark_benchmark evaluation
run 100875 scimark_benchmark evaluation
run 100878 scimark_benchmark evaluation
run 10088 scimark_benchmark evaluation
run 100882 scimark_benchmark evaluation
run 100887 scimark_benchmark evaluation
run 100889 scimark_benchmark evaluation
run 10089 scimark_benchmark evaluation
run 100890 scimark_benchmark evaluation
run 100894 scimark_benchmark evaluation
run 100896 scimark_benchmark evaluation
run 100897 scimark_benchmark evaluation
run 100898 scimark_benchmark evaluation
run 1009 scimark_benchmark evaluation
run 10090 scimark_benchmark evaluation
run 100900 scimark_benchmark evaluation
run 100901 scimark_benchmark evaluation
run 100902 scimark_benchmark evaluation
run 100907 scimark_benchmark evaluation
run 10091 scimark_benchmark evaluation
run 100915 scimark_benchmark evaluation
run 100917 scimark_benchmark evaluation
run 100918 scimark_benchmark evaluation
run 100925 scimark_benchmark evaluation
run 100927 scimark_benchmark evaluation
run 10093 scimark_benchmark evaluation
run 100933 scimark_benchmark evaluation
run 100936 scimark_benchmark evaluation
run 100939 scimark_benchmark evaluation
run 10094 scimark_benchmark evaluation
run 100944 scimark_benchmark evaluation
run 100945 scimark_benchmark evaluation
run 100946 scimark_benchmark evaluation
run 100947 scimark_benchmark evaluation
run 10095 scimark_benchmark evaluation
run 100950 scimark_benchmark evaluation
run 100951 scimark_benchmark evaluation
run 100955 scimark_benchmark evaluation
run 100957 scimark_benchmark evaluation
run 100963 scimark_benchmark evaluation
run 100969 scimark_benchmark evaluation
run 100971 scimark_benchmark evaluation
run 10098 scimark_benchmark evaluation
run 10099 scimark_benchmark evaluation
run 100994 scimark_benchmark evaluation
run 100995 scimark_benchmark evaluation
run 100997 scimark_benchmark evaluation
run 101 scimark_benchmark evaluation
run 10100 scimark_benchmark evaluation
run 101006 scimark_benchmark evaluation
run 101008 scimark_benchmark evaluation
run 101010 scimark_benchmark evaluation
run 101011 scimark_benchmark evaluation
run 101012 scimark_benchmark evaluation
run 101013 scimark_benchmark evaluation
run 101015 scimark_benchmark evaluation
run 10102 scimark_benchmark evaluation
run 101022 scimark_benchmark evaluation
run 101024 scimark_benchmark evaluation
run 101027 scimark_benchmark evaluation
run 101028 scimark_benchmark evaluation
run 101029 scimark_benchmark evaluation
run 10103 scimark_benchmark evaluation
run 101033 scimark_benchmark evaluation
run 101034 scimark_benchmark evaluation
run 10104 scimark_benchmark evaluation
run 10105 scimark_benchmark evaluation
run 101051 scimark_benchmark evaluation
run 101054 scimark_benchmark evaluation
run 101055 scimark_benchmark evaluation
run 101056 scimark_benchmark evaluation
run 101058 scimark_benchmark evaluation
run 101065 scimark_benchmark evaluation
run 101068 scimark_benchmark evaluation
run 10107 scimark_benchmark evaluation
run 101070 scimark_benchmark evaluation
run 101072 scimark_benchmark evaluation
run 101076 scimark_benchmark evaluation
run 10108 scimark_benchmark evaluation
run 101081 scimark_benchmark evaluation
run 101083 scimark_benchmark evaluation
run 101085 scimark_benchmark evaluation
run 101086 scimark_benchmark evaluation
run 101088 scimark_benchmark evaluation
run 10109 scimark_benchmark evaluation
run 101094 scimark_benchmark evaluation
run 101095 scimark_benchmark evaluation
run 101096 scimark_benchmark evaluation
run 101098 scimark_benchmark evaluation
run 101099 scimark_benchmark evaluation
run 1011 scimark_benchmark evaluation
run 101100 scimark_benchmark evaluation
run 101101 scimark_benchmark evaluation
run 101102 scimark_benchmark evaluation
run 101103 scimark_benchmark evaluation
run 101104 scimark_benchmark evaluation
run 101105 scimark_benchmark evaluation
run 101106 scimark_benchmark evaluation
run 101107 scimark_benchmark evaluation
run 101108 scimark_benchmark evaluation
run 10111 scimark_benchmark evaluation
run 101110 scimark_benchmark evaluation
run 101111 scimark_benchmark evaluation
run 101112 scimark_benchmark evaluation
run 101113 scimark_benchmark evaluation
run 101114 scimark_benchmark evaluation
run 101115 scimark_benchmark evaluation
run 101116 scimark_benchmark evaluation
run 101117 scimark_benchmark evaluation
run 101118 scimark_benchmark evaluation
run 101119 scimark_benchmark evaluation
run 10112 scimark_benchmark evaluation
run 101120 scimark_benchmark evaluation
run 101121 scimark_benchmark evaluation
run 101122 scimark_benchmark evaluation
run 101123 scimark_benchmark evaluation
run 101124 scimark_benchmark evaluation
run 101125 scimark_benchmark evaluation
run 101127 scimark_benchmark evaluation
run 101129 scimark_benchmark evaluation
run 10113 scimark_benchmark evaluation
run 101131 scimark_benchmark evaluation
run 101132 scimark_benchmark evaluation
run 101133 scimark_benchmark evaluation
run 101134 scimark_benchmark evaluation
run 101135 scimark_benchmark evaluation
run 101136 scimark_benchmark evaluation
run 101138 scimark_benchmark evaluation
run 101139 scimark_benchmark evaluation
run 10114 scimark_benchmark evaluation
run 101140 scimark_benchmark evaluation
run 101141 scimark_benchmark evaluation
run 101142 scimark_benchmark evaluation
run 101143 scimark_benchmark evaluation
run 101144 scimark_benchmark evaluation
run 101145 scimark_benchmark evaluation
run 101146 scimark_benchmark evaluation
run 101147 scimark_benchmark evaluation
run 101148 scimark_benchmark evaluation
run 101149 scimark_benchmark evaluation
run 10115 scimark_benchmark evaluation
run 101150 scimark_benchmark evaluation
run 101151 scimark_benchmark evaluation
run 101152 scimark_benchmark evaluation
run 101153 scimark_benchmark evaluation
run 101155 scimark_benchmark evaluation
run 101156 scimark_benchmark evaluation
run 101157 scimark_benchmark evaluation
run 101158 scimark_benchmark evaluation
run 101159 scimark_benchmark evaluation
run 10116 scimark_benchmark evaluation
run 101160 scimark_benchmark evaluation
run 101161 scimark_benchmark evaluation
run 101162 scimark_benchmark evaluation
run 101163 scimark_benchmark evaluation
run 101164 scimark_benchmark evaluation
run 101165 scimark_benchmark evaluation
run 101166 scimark_benchmark evaluation
run 101167 scimark_benchmark evaluation
run 101168 scimark_benchmark evaluation
run 101169 scimark_benchmark evaluation
run 10117 scimark_benchmark evaluation
run 101171 scimark_benchmark evaluation
run 101172 scimark_benchmark evaluation
run 101174 scimark_benchmark evaluation
run 101175 scimark_benchmark evaluation
run 101176 scimark_benchmark evaluation
run 101177 scimark_benchmark evaluation
run 101178 scimark_benchmark evaluation
run 101179 scimark_benchmark evaluation
run 10118 scimark_benchmark evaluation
run 101180 scimark_benchmark evaluation
run 101181 scimark_benchmark evaluation
run 101182 scimark_benchmark evaluation
run 101183 scimark_benchmark evaluation
run 101184 scimark_benchmark evaluation
run 101185 scimark_benchmark evaluation
run 101186 scimark_benchmark evaluation
run 101187 scimark_benchmark evaluation
run 101188 scimark_benchmark evaluation
run 101189 scimark_benchmark evaluation
run 10119 scimark_benchmark evaluation
run 101190 scimark_benchmark evaluation
run 101191 scimark_benchmark evaluation
run 101192 scimark_benchmark evaluation
run 101193 scimark_benchmark evaluation
run 101194 scimark_benchmark evaluation
run 101195 scimark_benchmark evaluation
run 101196 scimark_benchmark evaluation
run 101197 scimark_benchmark evaluation
run 101198 scimark_benchmark evaluation
run 101199 scimark_benchmark evaluation
run 1012 scimark_benchmark evaluation
run 10120 scimark_benchmark evaluation
run 101200 scimark_benchmark evaluation
run 101201 scimark_benchmark evaluation
run 101202 scimark_benchmark evaluation
run 101203 scimark_benchmark evaluation
run 101204 scimark_benchmark evaluation
run 101205 scimark_benchmark evaluation
run 101206 scimark_benchmark evaluation
run 101207 scimark_benchmark evaluation
run 101208 scimark_benchmark evaluation
run 101209 scimark_benchmark evaluation
run 10121 scimark_benchmark evaluation
run 101210 scimark_benchmark evaluation
run 101211 scimark_benchmark evaluation
run 101212 scimark_benchmark evaluation
run 101213 scimark_benchmark evaluation
run 101215 scimark_benchmark evaluation
run 101216 scimark_benchmark evaluation
run 101217 scimark_benchmark evaluation
run 101218 scimark_benchmark evaluation
run 101219 scimark_benchmark evaluation
run 101220 scimark_benchmark evaluation
run 101221 scimark_benchmark evaluation
run 101223 scimark_benchmark evaluation
run 101224 scimark_benchmark evaluation
run 101225 scimark_benchmark evaluation
run 101226 scimark_benchmark evaluation
run 101227 scimark_benchmark evaluation
run 101228 scimark_benchmark evaluation
run 101229 scimark_benchmark evaluation
run 10123 scimark_benchmark evaluation
run 101230 scimark_benchmark evaluation
run 101231 scimark_benchmark evaluation
run 101232 scimark_benchmark evaluation
run 101233 scimark_benchmark evaluation
run 101234 scimark_benchmark evaluation
run 101235 scimark_benchmark evaluation
run 101236 scimark_benchmark evaluation
run 101237 scimark_benchmark evaluation
run 101238 scimark_benchmark evaluation
run 101239 scimark_benchmark evaluation
run 101240 scimark_benchmark evaluation
run 101241 scimark_benchmark evaluation
run 101242 scimark_benchmark evaluation
run 101243 scimark_benchmark evaluation
run 101244 scimark_benchmark evaluation
run 101246 scimark_benchmark evaluation
run 101247 scimark_benchmark evaluation
run 101248 scimark_benchmark evaluation
run 101249 scimark_benchmark evaluation
run 10125 scimark_benchmark evaluation
run 101250 scimark_benchmark evaluation
run 101251 scimark_benchmark evaluation
run 101252 scimark_benchmark evaluation
run 101253 scimark_benchmark evaluation
run 101255 scimark_benchmark evaluation
run 101256 scimark_benchmark evaluation
run 101257 scimark_benchmark evaluation
run 101258 scimark_benchmark evaluation
run 101259 scimark_benchmark evaluation
run 10126 scimark_benchmark evaluation
run 101260 scimark_benchmark evaluation
run 101261 scimark_benchmark evaluation
run 101262 scimark_benchmark evaluation
run 101265 scimark_benchmark evaluation
run 101266 scimark_benchmark evaluation
run 101267 scimark_benchmark evaluation
run 101268 scimark_benchmark evaluation
run 101269 scimark_benchmark evaluation
run 10127 scimark_benchmark evaluation
run 101270 scimark_benchmark evaluation
run 101274 scimark_benchmark evaluation
run 101276 scimark_benchmark evaluation
run 101277 scimark_benchmark evaluation
run 101278 scimark_benchmark evaluation
run 101279 scimark_benchmark evaluation
run 10128 scimark_benchmark evaluation
run 101280 scimark_benchmark evaluation
run 101282 scimark_benchmark evaluation
run 101283 scimark_benchmark evaluation
run 101284 scimark_benchmark evaluation
run 101287 scimark_benchmark evaluation
run 101288 scimark_benchmark evaluation
run 101289 scimark_benchmark evaluation
run 10129 scimark_benchmark evaluation
run 101290 scimark_benchmark evaluation
run 101291 scimark_benchmark evaluation
run 101292 scimark_benchmark evaluation
run 101293 scimark_benchmark evaluation
run 101294 scimark_benchmark evaluation
run 101296 scimark_benchmark evaluation
run 101297 scimark_benchmark evaluation
run 101298 scimark_benchmark evaluation
run 101299 scimark_benchmark evaluation
run 10130 scimark_benchmark evaluation
run 101300 scimark_benchmark evaluation
run 101301 scimark_benchmark evaluation
run 101302 scimark_benchmark evaluation
run 101303 scimark_benchmark evaluation
run 101304 scimark_benchmark evaluation
run 101305 scimark_benchmark evaluation
run 101306 scimark_benchmark evaluation
run 101308 scimark_benchmark evaluation
run 10131 scimark_benchmark evaluation
run 101310 scimark_benchmark evaluation
run 101311 scimark_benchmark evaluation
run 101312 scimark_benchmark evaluation
run 101313 scimark_benchmark evaluation
run 101314 scimark_benchmark evaluation
run 101316 scimark_benchmark evaluation
run 101317 scimark_benchmark evaluation
run 101318 scimark_benchmark evaluation
run 101319 scimark_benchmark evaluation
run 10132 scimark_benchmark evaluation
run 101320 scimark_benchmark evaluation
run 101322 scimark_benchmark evaluation
run 101323 scimark_benchmark evaluation
run 101324 scimark_benchmark evaluation
run 101325 scimark_benchmark evaluation
run 101326 scimark_benchmark evaluation
run 101327 scimark_benchmark evaluation
run 101328 scimark_benchmark evaluation
run 101329 scimark_benchmark evaluation
run 10133 scimark_benchmark evaluation
run 101330 scimark_benchmark evaluation
run 101332 scimark_benchmark evaluation
run 101333 scimark_benchmark evaluation
run 101334 scimark_benchmark evaluation
run 101336 scimark_benchmark evaluation
run 101338 scimark_benchmark evaluation
run 101339 scimark_benchmark evaluation
run 10134 scimark_benchmark evaluation
run 101340 scimark_benchmark evaluation
run 101341 scimark_benchmark evaluation
run 101343 scimark_benchmark evaluation
run 101344 scimark_benchmark evaluation
run 101345 scimark_benchmark evaluation
run 101347 scimark_benchmark evaluation
run 101348 scimark_benchmark evaluation
run 101349 scimark_benchmark evaluation
run 10135 scimark_benchmark evaluation
run 101350 scimark_benchmark evaluation
run 101351 scimark_benchmark evaluation
run 101352 scimark_benchmark evaluation
run 101358 scimark_benchmark evaluation
run 101359 scimark_benchmark evaluation
run 10136 scimark_benchmark evaluation
run 101360 scimark_benchmark evaluation
run 101361 scimark_benchmark evaluation
run 101362 scimark_benchmark evaluation
run 101363 scimark_benchmark evaluation
run 101365 scimark_benchmark evaluation
run 101368 scimark_benchmark evaluation
run 101369 scimark_benchmark evaluation
run 10137 scimark_benchmark evaluation
run 101370 scimark_benchmark evaluation
run 101371 scimark_benchmark evaluation
run 101372 scimark_benchmark evaluation
run 101374 scimark_benchmark evaluation
run 101375 scimark_benchmark evaluation
run 101376 scimark_benchmark evaluation
run 101377 scimark_benchmark evaluation
run 101378 scimark_benchmark evaluation
run 101379 scimark_benchmark evaluation
run 10138 scimark_benchmark evaluation
run 101380 scimark_benchmark evaluation
run 101381 scimark_benchmark evaluation
run 101383 scimark_benchmark evaluation
run 101384 scimark_benchmark evaluation
run 101385 scimark_benchmark evaluation
run 101386 scimark_benchmark evaluation
run 101387 scimark_benchmark evaluation
run 101388 scimark_benchmark evaluation
run 10139 scimark_benchmark evaluation
run 101390 scimark_benchmark evaluation
run 101393 scimark_benchmark evaluation
run 101397 scimark_benchmark evaluation
run 101399 scimark_benchmark evaluation
run 10140 scimark_benchmark evaluation
run 101400 scimark_benchmark evaluation
run 101401 scimark_benchmark evaluation
run 101402 scimark_benchmark evaluation
run 101403 scimark_benchmark evaluation
run 101405 scimark_benchmark evaluation
run 101406 scimark_benchmark evaluation
run 101407 scimark_benchmark evaluation
run 101408 scimark_benchmark evaluation
run 101409 scimark_benchmark evaluation
run 10141 scimark_benchmark evaluation
run 101410 scimark_benchmark evaluation
run 101411 scimark_benchmark evaluation
run 101412 scimark_benchmark evaluation
run 101413 scimark_benchmark evaluation
run 101414 scimark_benchmark evaluation
run 101415 scimark_benchmark evaluation
run 101416 scimark_benchmark evaluation
run 101418 scimark_benchmark evaluation
run 10142 scimark_benchmark evaluation
run 101420 scimark_benchmark evaluation
run 101421 scimark_benchmark evaluation
run 101422 scimark_benchmark evaluation
run 101423 scimark_benchmark evaluation
run 101424 scimark_benchmark evaluation
run 101425 scimark_benchmark evaluation
run 101426 scimark_benchmark evaluation
run 101427 scimark_benchmark evaluation
run 101428 scimark_benchmark evaluation
run 101429 scimark_benchmark evaluation
run 10143 scimark_benchmark evaluation
run 101430 scimark_benchmark evaluation
run 101431 scimark_benchmark evaluation
run 101432 scimark_benchmark evaluation
run 101433 scimark_benchmark evaluation
run 101434 scimark_benchmark evaluation
run 101435 scimark_benchmark evaluation
run 101436 scimark_benchmark evaluation
run 101437 scimark_benchmark evaluation
run 101438 scimark_benchmark evaluation
run 101439 scimark_benchmark evaluation
run 10144 scimark_benchmark evaluation
run 101440 scimark_benchmark evaluation
run 101441 scimark_benchmark evaluation
run 101442 scimark_benchmark evaluation
run 101443 scimark_benchmark evaluation

1000 Rows. -- 1378287 msec.
