Result of /data/leuven/370/vsc37064/new_queries_named_graph/query_41.txt:
OpenLink Virtuoso Interactive SQL (Virtuoso)
Version 07.20.3240 as of Mar 11 2025
Type HELP; for help and EXIT; to exit.
Connected to OpenLink Virtuoso
Driver: 07.20.3240 OpenLink Virtuoso ODBC Driver
implementationName
LONG VARCHAR
_______________________________________________________________________________

OpenML Flow 1
OpenML Flow 10
OpenML Flow 100
OpenML Flow 1000
OpenML Flow 10000
OpenML Flow 10001
OpenML Flow 10002
OpenML Flow 10003
OpenML Flow 10004
OpenML Flow 10005
OpenML Flow 10006
OpenML Flow 10007
OpenML Flow 10008
OpenML Flow 10009
OpenML Flow 10010
OpenML Flow 10011
OpenML Flow 10012
OpenML Flow 10013
OpenML Flow 10014
OpenML Flow 10015
OpenML Flow 10016
OpenML Flow 10017
OpenML Flow 10018
OpenML Flow 10019
OpenML Flow 1002
OpenML Flow 10020
OpenML Flow 10021
OpenML Flow 10022
OpenML Flow 10023
OpenML Flow 10024
OpenML Flow 10025
OpenML Flow 10026
OpenML Flow 10027
OpenML Flow 10028
OpenML Flow 10029
OpenML Flow 10030
OpenML Flow 10031
OpenML Flow 10032
OpenML Flow 10033
OpenML Flow 10034
OpenML Flow 10035
OpenML Flow 10036
OpenML Flow 10037
OpenML Flow 10038
OpenML Flow 10039
OpenML Flow 10040
OpenML Flow 10041
OpenML Flow 10042
OpenML Flow 10043
OpenML Flow 10044
OpenML Flow 10045
OpenML Flow 10046
OpenML Flow 10047
OpenML Flow 10048
OpenML Flow 10049
OpenML Flow 1005
OpenML Flow 10050
OpenML Flow 10051
OpenML Flow 10052
OpenML Flow 10053
OpenML Flow 10054
OpenML Flow 10055
OpenML Flow 10056
OpenML Flow 10057
OpenML Flow 10058
OpenML Flow 10059
OpenML Flow 10060
OpenML Flow 10061
OpenML Flow 10062
OpenML Flow 10063
OpenML Flow 10064
OpenML Flow 10065
OpenML Flow 10066
OpenML Flow 10067
OpenML Flow 10068
OpenML Flow 10069
OpenML Flow 10070
OpenML Flow 10071
OpenML Flow 10072
OpenML Flow 10073
OpenML Flow 10074
OpenML Flow 10075
OpenML Flow 10076
OpenML Flow 10077
OpenML Flow 10078
OpenML Flow 10079
OpenML Flow 1008
OpenML Flow 10080
OpenML Flow 10081
OpenML Flow 10082
OpenML Flow 10083
OpenML Flow 10084
OpenML Flow 10085
OpenML Flow 10086
OpenML Flow 10087
OpenML Flow 10088
OpenML Flow 10089
OpenML Flow 10090
OpenML Flow 10091
OpenML Flow 10092
OpenML Flow 10093
OpenML Flow 10094
OpenML Flow 10095
OpenML Flow 10096
OpenML Flow 10097
OpenML Flow 10098
OpenML Flow 10099
OpenML Flow 101
OpenML Flow 10100
OpenML Flow 10101
OpenML Flow 10102
OpenML Flow 10103
OpenML Flow 10104
OpenML Flow 10105
OpenML Flow 10106
OpenML Flow 10107
OpenML Flow 10108
OpenML Flow 10109
OpenML Flow 1011
OpenML Flow 10110
OpenML Flow 10111
OpenML Flow 10112
OpenML Flow 10113
OpenML Flow 10114
OpenML Flow 10115
OpenML Flow 10116
OpenML Flow 10117
OpenML Flow 10118
OpenML Flow 10119
OpenML Flow 10120
OpenML Flow 10121
OpenML Flow 10122
OpenML Flow 10123
OpenML Flow 10124
OpenML Flow 10125
OpenML Flow 10126
OpenML Flow 10127
OpenML Flow 10128
OpenML Flow 10129
OpenML Flow 1013
OpenML Flow 10130
OpenML Flow 10131
OpenML Flow 10132
OpenML Flow 10133
OpenML Flow 10134
OpenML Flow 10135
OpenML Flow 10136
OpenML Flow 10137
OpenML Flow 10138
OpenML Flow 10139
OpenML Flow 10140
OpenML Flow 10141
OpenML Flow 10142
OpenML Flow 10143
OpenML Flow 10144
OpenML Flow 10145
OpenML Flow 10146
OpenML Flow 10147
OpenML Flow 10148
OpenML Flow 10149
OpenML Flow 10150
OpenML Flow 10151
OpenML Flow 10152
OpenML Flow 10153
OpenML Flow 10154
OpenML Flow 10155
OpenML Flow 10156
OpenML Flow 10157
OpenML Flow 10158
OpenML Flow 10159
OpenML Flow 10160
OpenML Flow 10161
OpenML Flow 10162
OpenML Flow 10163
OpenML Flow 10164
OpenML Flow 10165
OpenML Flow 10166
OpenML Flow 10167
OpenML Flow 10168
OpenML Flow 10169
OpenML Flow 10170
OpenML Flow 10171
OpenML Flow 10172
OpenML Flow 10173
OpenML Flow 10174
OpenML Flow 10175
OpenML Flow 10176
OpenML Flow 10177
OpenML Flow 10178
OpenML Flow 10179
OpenML Flow 10180
OpenML Flow 10181
OpenML Flow 10182
OpenML Flow 10183
OpenML Flow 10184
OpenML Flow 10185
OpenML Flow 10186
OpenML Flow 10187
OpenML Flow 10188
OpenML Flow 10189
OpenML Flow 10190
OpenML Flow 10191
OpenML Flow 10192
OpenML Flow 10193
OpenML Flow 10194
OpenML Flow 10195
OpenML Flow 10196
OpenML Flow 10197
OpenML Flow 10198
OpenML Flow 10199
OpenML Flow 102
OpenML Flow 1020
OpenML Flow 10200
OpenML Flow 10201
OpenML Flow 10202
OpenML Flow 10203
OpenML Flow 10204
OpenML Flow 10205
OpenML Flow 10206
OpenML Flow 10207
OpenML Flow 10208
OpenML Flow 10209
OpenML Flow 1021
OpenML Flow 10210
OpenML Flow 10211
OpenML Flow 10212
OpenML Flow 10213
OpenML Flow 10214
OpenML Flow 10215
OpenML Flow 10216
OpenML Flow 10217
OpenML Flow 10218
OpenML Flow 10219
OpenML Flow 10220
OpenML Flow 10221
OpenML Flow 10222
OpenML Flow 10223
OpenML Flow 10224
OpenML Flow 10225
OpenML Flow 10226
OpenML Flow 10227
OpenML Flow 10228
OpenML Flow 10229
OpenML Flow 1023
OpenML Flow 10230
OpenML Flow 10231
OpenML Flow 10232
OpenML Flow 10233
OpenML Flow 10234
OpenML Flow 10235
OpenML Flow 10236
OpenML Flow 10237
OpenML Flow 10238
OpenML Flow 10239
OpenML Flow 10240
OpenML Flow 10241
OpenML Flow 10242
OpenML Flow 10243
OpenML Flow 10244
OpenML Flow 10245
OpenML Flow 10246
OpenML Flow 10247
OpenML Flow 10248
OpenML Flow 10249
OpenML Flow 10250
OpenML Flow 10251
OpenML Flow 10252
OpenML Flow 10253
OpenML Flow 10254
OpenML Flow 10255
OpenML Flow 10256
OpenML Flow 10257
OpenML Flow 10258
OpenML Flow 10259
OpenML Flow 1026
OpenML Flow 10260
OpenML Flow 10261
OpenML Flow 10262
OpenML Flow 10263
OpenML Flow 10264
OpenML Flow 10265
OpenML Flow 10266
OpenML Flow 10267
OpenML Flow 10268
OpenML Flow 10269
OpenML Flow 10270
OpenML Flow 10271
OpenML Flow 10272
OpenML Flow 10273
OpenML Flow 10274
OpenML Flow 10275
OpenML Flow 10276
OpenML Flow 10277
OpenML Flow 10278
OpenML Flow 10279
OpenML Flow 1028
OpenML Flow 10280
OpenML Flow 10281
OpenML Flow 10282
OpenML Flow 10283
OpenML Flow 10284
OpenML Flow 10285
OpenML Flow 10286
OpenML Flow 10287
OpenML Flow 10288
OpenML Flow 10289
OpenML Flow 10290
OpenML Flow 10291
OpenML Flow 10292
OpenML Flow 10293
OpenML Flow 10294
OpenML Flow 10295
OpenML Flow 10296
OpenML Flow 10297
OpenML Flow 10298
OpenML Flow 10299
OpenML Flow 103
OpenML Flow 10300
OpenML Flow 10301
OpenML Flow 10302
OpenML Flow 10303
OpenML Flow 10304
OpenML Flow 10305
OpenML Flow 10306
OpenML Flow 10307
OpenML Flow 10308
OpenML Flow 10309
OpenML Flow 1031
OpenML Flow 10310
OpenML Flow 10311
OpenML Flow 10312
OpenML Flow 10313
OpenML Flow 10314
OpenML Flow 10315
OpenML Flow 10316
OpenML Flow 10317
OpenML Flow 10318
OpenML Flow 10319
OpenML Flow 10320
OpenML Flow 10321
OpenML Flow 10322
OpenML Flow 10323
OpenML Flow 10324
OpenML Flow 10325
OpenML Flow 10326
OpenML Flow 10327
OpenML Flow 10328
OpenML Flow 10329
OpenML Flow 10330
OpenML Flow 10331
OpenML Flow 10332
OpenML Flow 10333
OpenML Flow 10334
OpenML Flow 10335
OpenML Flow 10336
OpenML Flow 10337
OpenML Flow 10338
OpenML Flow 10339
OpenML Flow 10340
OpenML Flow 10341
OpenML Flow 10342
OpenML Flow 10343
OpenML Flow 10344
OpenML Flow 10345
OpenML Flow 10346
OpenML Flow 10347
OpenML Flow 10348
OpenML Flow 10349
OpenML Flow 10350
OpenML Flow 10351
OpenML Flow 10352
OpenML Flow 10353
OpenML Flow 10354
OpenML Flow 10355
OpenML Flow 10356
OpenML Flow 10357
OpenML Flow 10358
OpenML Flow 10359
OpenML Flow 1036
OpenML Flow 10360
OpenML Flow 10361
OpenML Flow 10362
OpenML Flow 10363
OpenML Flow 10364
OpenML Flow 10365
OpenML Flow 10366
OpenML Flow 10367
OpenML Flow 10368
OpenML Flow 10369
OpenML Flow 1037
OpenML Flow 10370
OpenML Flow 10371
OpenML Flow 10372
OpenML Flow 10373
OpenML Flow 10374
OpenML Flow 10375
OpenML Flow 10376
OpenML Flow 10377
OpenML Flow 10378
OpenML Flow 10379
OpenML Flow 10380
OpenML Flow 10381
OpenML Flow 10382
OpenML Flow 10383
OpenML Flow 10384
OpenML Flow 10385
OpenML Flow 10386
OpenML Flow 10387
OpenML Flow 10388
OpenML Flow 10389
OpenML Flow 1039
OpenML Flow 10390
OpenML Flow 10391
OpenML Flow 10392
OpenML Flow 10393
OpenML Flow 10394
OpenML Flow 10395
OpenML Flow 10396
OpenML Flow 10397
OpenML Flow 10398
OpenML Flow 10399
OpenML Flow 104
OpenML Flow 10400
OpenML Flow 10401
OpenML Flow 10402
OpenML Flow 10403
OpenML Flow 10404
OpenML Flow 10405
OpenML Flow 10406
OpenML Flow 10407
OpenML Flow 10408
OpenML Flow 10409
OpenML Flow 10410
OpenML Flow 10411
OpenML Flow 10412
OpenML Flow 10413
OpenML Flow 10414
OpenML Flow 10415
OpenML Flow 10416
OpenML Flow 10417
OpenML Flow 10418
OpenML Flow 10419
OpenML Flow 10420
OpenML Flow 10421
OpenML Flow 10422
OpenML Flow 10423
OpenML Flow 10424
OpenML Flow 10425
OpenML Flow 10426
OpenML Flow 10427
OpenML Flow 10428
OpenML Flow 10429
OpenML Flow 10430
OpenML Flow 10431
OpenML Flow 10432
OpenML Flow 10433
OpenML Flow 10434
OpenML Flow 10435
OpenML Flow 10436
OpenML Flow 10437
OpenML Flow 10438
OpenML Flow 10439
OpenML Flow 1044
OpenML Flow 10440
OpenML Flow 10441
OpenML Flow 10442
OpenML Flow 10443
OpenML Flow 10444
OpenML Flow 10445
OpenML Flow 10446
OpenML Flow 10447
OpenML Flow 10448
OpenML Flow 10449
OpenML Flow 1045
OpenML Flow 10450
OpenML Flow 10451
OpenML Flow 10452
OpenML Flow 10453
OpenML Flow 10454
OpenML Flow 10455
OpenML Flow 10456
OpenML Flow 10457
OpenML Flow 10458
OpenML Flow 10459
OpenML Flow 10460
OpenML Flow 10461
OpenML Flow 10462
OpenML Flow 10463
OpenML Flow 10464
OpenML Flow 10465
OpenML Flow 10466
OpenML Flow 10467
OpenML Flow 10468
OpenML Flow 10469
OpenML Flow 10470
OpenML Flow 10471
OpenML Flow 10472
OpenML Flow 10473
OpenML Flow 10474
OpenML Flow 10475
OpenML Flow 10476
OpenML Flow 10477
OpenML Flow 10478
OpenML Flow 10479
OpenML Flow 10480
OpenML Flow 10481
OpenML Flow 10482
OpenML Flow 10483
OpenML Flow 10484
OpenML Flow 10485
OpenML Flow 10486
OpenML Flow 10487
OpenML Flow 10488
OpenML Flow 10489
OpenML Flow 10490
OpenML Flow 10491
OpenML Flow 10492
OpenML Flow 10493
OpenML Flow 10494
OpenML Flow 10495
OpenML Flow 10496
OpenML Flow 10497
OpenML Flow 10498
OpenML Flow 10499
OpenML Flow 105
OpenML Flow 1050
OpenML Flow 10500
OpenML Flow 10501
OpenML Flow 10502
OpenML Flow 10503
OpenML Flow 10504
OpenML Flow 10505
OpenML Flow 10506
OpenML Flow 10507
OpenML Flow 10508
OpenML Flow 10509
OpenML Flow 1051
OpenML Flow 10510
OpenML Flow 10511
OpenML Flow 10512
OpenML Flow 10513
OpenML Flow 10514
OpenML Flow 10515
OpenML Flow 10516
OpenML Flow 10517
OpenML Flow 10518
OpenML Flow 10519
OpenML Flow 10520
OpenML Flow 10521
OpenML Flow 10522
OpenML Flow 10523
OpenML Flow 10524
OpenML Flow 10525
OpenML Flow 10526
OpenML Flow 10527
OpenML Flow 10528
OpenML Flow 10529
OpenML Flow 10530
OpenML Flow 10531
OpenML Flow 10532
OpenML Flow 10533
OpenML Flow 10534
OpenML Flow 10535
OpenML Flow 10536
OpenML Flow 10537
OpenML Flow 10538
OpenML Flow 10539
OpenML Flow 10540
OpenML Flow 10541
OpenML Flow 10542
OpenML Flow 10543
OpenML Flow 10544
OpenML Flow 10545
OpenML Flow 10546
OpenML Flow 10547
OpenML Flow 10548
OpenML Flow 10549
OpenML Flow 10550
OpenML Flow 10551
OpenML Flow 10552
OpenML Flow 10553
OpenML Flow 10554
OpenML Flow 10555
OpenML Flow 10556
OpenML Flow 10557
OpenML Flow 10558
OpenML Flow 10559
OpenML Flow 10560
OpenML Flow 10561
OpenML Flow 10562
OpenML Flow 10563
OpenML Flow 10564
OpenML Flow 10565
OpenML Flow 10566
OpenML Flow 10567
OpenML Flow 10568
OpenML Flow 10569
OpenML Flow 1057
OpenML Flow 10570
OpenML Flow 10571
OpenML Flow 10572
OpenML Flow 10573
OpenML Flow 10574
OpenML Flow 10575
OpenML Flow 10576
OpenML Flow 10577
OpenML Flow 10578
OpenML Flow 10579
OpenML Flow 10580
OpenML Flow 10581
OpenML Flow 10582
OpenML Flow 10583
OpenML Flow 10584
OpenML Flow 10585
OpenML Flow 10586
OpenML Flow 10587
OpenML Flow 10588
OpenML Flow 10589
OpenML Flow 10590
OpenML Flow 10591
OpenML Flow 10592
OpenML Flow 10593
OpenML Flow 10594
OpenML Flow 10595
OpenML Flow 10596
OpenML Flow 10597
OpenML Flow 10598
OpenML Flow 10599
OpenML Flow 106
OpenML Flow 10600
OpenML Flow 10601
OpenML Flow 10602
OpenML Flow 10603
OpenML Flow 10604
OpenML Flow 10605
OpenML Flow 10606
OpenML Flow 10607
OpenML Flow 10608
OpenML Flow 10609
OpenML Flow 10610
OpenML Flow 10611
OpenML Flow 10612
OpenML Flow 10613
OpenML Flow 10614
OpenML Flow 10615
OpenML Flow 10616
OpenML Flow 10617
OpenML Flow 10618
OpenML Flow 10619
OpenML Flow 1062
OpenML Flow 10620
OpenML Flow 10621
OpenML Flow 10622
OpenML Flow 10623
OpenML Flow 10624
OpenML Flow 10625
OpenML Flow 10626
OpenML Flow 10627
OpenML Flow 10628
OpenML Flow 10629
OpenML Flow 10630
OpenML Flow 10631
OpenML Flow 10632
OpenML Flow 10633
OpenML Flow 10634
OpenML Flow 10635
OpenML Flow 10636
OpenML Flow 10637
OpenML Flow 10638
OpenML Flow 10639
OpenML Flow 10640
OpenML Flow 10641
OpenML Flow 10642
OpenML Flow 10643
OpenML Flow 10644
OpenML Flow 10645
OpenML Flow 10646
OpenML Flow 10647
OpenML Flow 10648
OpenML Flow 10649
OpenML Flow 10650
OpenML Flow 10651
OpenML Flow 10652
OpenML Flow 10653
OpenML Flow 10654
OpenML Flow 10655
OpenML Flow 10656
OpenML Flow 10657
OpenML Flow 10658
OpenML Flow 10659
OpenML Flow 10660
OpenML Flow 10661
OpenML Flow 10662
OpenML Flow 10663
OpenML Flow 10664
OpenML Flow 10665
OpenML Flow 10666
OpenML Flow 10667
OpenML Flow 10668
OpenML Flow 10669
OpenML Flow 10670
OpenML Flow 10671
OpenML Flow 10672
OpenML Flow 10673
OpenML Flow 10674
OpenML Flow 10675
OpenML Flow 10676
OpenML Flow 10677
OpenML Flow 10678
OpenML Flow 10679
OpenML Flow 1068
OpenML Flow 10680
OpenML Flow 10681
OpenML Flow 10682
OpenML Flow 10683
OpenML Flow 10684
OpenML Flow 10685
OpenML Flow 10686
OpenML Flow 10687
OpenML Flow 10688
OpenML Flow 10689
OpenML Flow 1069
OpenML Flow 10690
OpenML Flow 10691
OpenML Flow 10692
OpenML Flow 10693
OpenML Flow 10694
OpenML Flow 10695
OpenML Flow 10696
OpenML Flow 10697
OpenML Flow 10698
OpenML Flow 10699
OpenML Flow 107
OpenML Flow 1070
OpenML Flow 10700
OpenML Flow 10701
OpenML Flow 10702
OpenML Flow 10703
OpenML Flow 10704
OpenML Flow 10705
OpenML Flow 10706
OpenML Flow 10707
OpenML Flow 10708
OpenML Flow 10709
OpenML Flow 1071
OpenML Flow 10710
OpenML Flow 10711
OpenML Flow 10712
OpenML Flow 10713
OpenML Flow 10714
OpenML Flow 10715
OpenML Flow 10716
OpenML Flow 10717
OpenML Flow 10718
OpenML Flow 10719
OpenML Flow 1072
OpenML Flow 10720
OpenML Flow 10721
OpenML Flow 10722
OpenML Flow 10723
OpenML Flow 10724
OpenML Flow 10725
OpenML Flow 10726
OpenML Flow 10727
OpenML Flow 10728
OpenML Flow 10729
OpenML Flow 1073
OpenML Flow 10730
OpenML Flow 10731
OpenML Flow 10732
OpenML Flow 10733
OpenML Flow 10734
OpenML Flow 10735
OpenML Flow 10736
OpenML Flow 10737
OpenML Flow 10738
OpenML Flow 10739
OpenML Flow 1074
OpenML Flow 10740
OpenML Flow 10741
OpenML Flow 10742
OpenML Flow 10743
OpenML Flow 10744
OpenML Flow 10745
OpenML Flow 10746
OpenML Flow 10747
OpenML Flow 10748
OpenML Flow 10749
OpenML Flow 1075
OpenML Flow 10750
OpenML Flow 10751
OpenML Flow 10752
OpenML Flow 10753
OpenML Flow 10754
OpenML Flow 10755
OpenML Flow 10756
OpenML Flow 10757
OpenML Flow 10758
OpenML Flow 10759
OpenML Flow 1076
OpenML Flow 10760
OpenML Flow 10761
OpenML Flow 10762
OpenML Flow 10763
OpenML Flow 10764
OpenML Flow 10765
OpenML Flow 10766
OpenML Flow 10767
OpenML Flow 10768
OpenML Flow 10769
OpenML Flow 1077
OpenML Flow 10770
OpenML Flow 10771
OpenML Flow 10772
OpenML Flow 10773
OpenML Flow 10774
OpenML Flow 10775
OpenML Flow 10776
OpenML Flow 10777
OpenML Flow 10778
OpenML Flow 10779
OpenML Flow 1078
OpenML Flow 10780
OpenML Flow 10781
OpenML Flow 10782
OpenML Flow 10783
OpenML Flow 10784
OpenML Flow 10785
OpenML Flow 10786
OpenML Flow 10787
OpenML Flow 10788
OpenML Flow 10789
OpenML Flow 1079
OpenML Flow 10790
OpenML Flow 10791
OpenML Flow 10792
OpenML Flow 10793
OpenML Flow 10794
OpenML Flow 10795
OpenML Flow 10796
OpenML Flow 10797
OpenML Flow 10798
OpenML Flow 10799
OpenML Flow 108
OpenML Flow 1080
OpenML Flow 10800
OpenML Flow 10801
OpenML Flow 10802
OpenML Flow 10803
OpenML Flow 10804
OpenML Flow 10805
OpenML Flow 10806
OpenML Flow 10807
OpenML Flow 10808
OpenML Flow 10809
OpenML Flow 1081
OpenML Flow 10810
OpenML Flow 10811
OpenML Flow 10812
OpenML Flow 10813
OpenML Flow 10814
OpenML Flow 10815
OpenML Flow 10816
OpenML Flow 10817
OpenML Flow 10818
OpenML Flow 10819
OpenML Flow 1082
OpenML Flow 10820
OpenML Flow 10821
OpenML Flow 10822
OpenML Flow 10823
OpenML Flow 10824
OpenML Flow 10825
OpenML Flow 10826
OpenML Flow 10827
OpenML Flow 10828
OpenML Flow 10829
OpenML Flow 1083
OpenML Flow 10830
OpenML Flow 10831
OpenML Flow 10832
OpenML Flow 10833
OpenML Flow 10834
OpenML Flow 10835
OpenML Flow 10836
OpenML Flow 10837
OpenML Flow 10838
OpenML Flow 10839
OpenML Flow 1084
OpenML Flow 10840
OpenML Flow 10841
OpenML Flow 10842
OpenML Flow 10843
OpenML Flow 10844
OpenML Flow 10845
OpenML Flow 10846
OpenML Flow 10847
OpenML Flow 10848
OpenML Flow 10849
OpenML Flow 1085
OpenML Flow 10850
OpenML Flow 10851
OpenML Flow 10852
OpenML Flow 10853
OpenML Flow 10854
OpenML Flow 10855
OpenML Flow 10856
OpenML Flow 10857
OpenML Flow 10858
OpenML Flow 10859
OpenML Flow 1086
OpenML Flow 10860
OpenML Flow 10861
OpenML Flow 10862
OpenML Flow 10863
OpenML Flow 10864
OpenML Flow 10865
OpenML Flow 10866
OpenML Flow 10867
OpenML Flow 10868
OpenML Flow 10869
OpenML Flow 1087
OpenML Flow 10870
OpenML Flow 10871
OpenML Flow 10872
OpenML Flow 10873
OpenML Flow 10874
OpenML Flow 10875
OpenML Flow 10876
OpenML Flow 10877
OpenML Flow 10878
OpenML Flow 10879
OpenML Flow 1088
OpenML Flow 10880
OpenML Flow 10881
OpenML Flow 10882
OpenML Flow 10883
OpenML Flow 10884
OpenML Flow 10885
OpenML Flow 10886
OpenML Flow 10887
OpenML Flow 10888
OpenML Flow 10889
OpenML Flow 1089
OpenML Flow 10890
OpenML Flow 10891
OpenML Flow 10892
OpenML Flow 10893
OpenML Flow 10894
OpenML Flow 10895
OpenML Flow 10896
OpenML Flow 10897
OpenML Flow 10898
OpenML Flow 10899
OpenML Flow 109
OpenML Flow 1090
OpenML Flow 10900
OpenML Flow 10901
OpenML Flow 10902
OpenML Flow 10903
OpenML Flow 10904
OpenML Flow 10905
OpenML Flow 10906
OpenML Flow 10907
OpenML Flow 10908
OpenML Flow 10909
OpenML Flow 1091
OpenML Flow 10910
OpenML Flow 10911
OpenML Flow 10912
OpenML Flow 10913
OpenML Flow 10914
OpenML Flow 10915
OpenML Flow 10916
OpenML Flow 10917
OpenML Flow 10918
OpenML Flow 10919
OpenML Flow 1092
OpenML Flow 10920
OpenML Flow 10921
OpenML Flow 10922
OpenML Flow 10923
OpenML Flow 10924
OpenML Flow 10925
OpenML Flow 10926
OpenML Flow 10927
OpenML Flow 10928
OpenML Flow 10929
OpenML Flow 1093
OpenML Flow 10930
OpenML Flow 10931
OpenML Flow 10932
OpenML Flow 10933
OpenML Flow 10934
OpenML Flow 10935
OpenML Flow 10936
OpenML Flow 10937
OpenML Flow 10938
OpenML Flow 10939
OpenML Flow 1094

1000 Rows. -- 1198 msec.
