Result of /data/leuven/370/vsc37064/new_queries_named_graph/query_24.txt:
OpenLink Virtuoso Interactive SQL (Virtuoso)
Version 07.20.3240 as of Mar 11 2025
Type HELP; for help and EXIT; to exit.
Connected to OpenLink Virtuoso
Driver: 07.20.3240 OpenLink Virtuoso ODBC Driver
taskName                                                                          taskTypeName
LONG VARCHAR                                                                      LONG VARCHAR
_______________________________________________________________________________

ASP-POTASSCO-classification                                                                                  
ASP-POTASSCO-classification                                                                                  
ASP-POTASSCO-classification                                                                                  
ASP-POTASSCO-classification                                                                                  
ASP-POTASSCO-classification                                                                                  
ASP-POTASSCO-classification                                                                                  
ASP-POTASSCO-classification                                                                                  
ASP-POTASSCO-classification                                                                                  
ASP-POTASSCO-classification                                                                                  
ASP-POTASSCO-regression                                                                                  
ASP-POTASSCO-regression                                                                                  
ASP-POTASSCO-regression                                                                                  
ASP-POTASSCO-regression                                                                                  
ASP-POTASSCO-regression                                                                                  
ASP-POTASSCO-regression                                                                                  
ASP-POTASSCO-regression                                                                                  
ASP-POTASSCO-regression                                                                                  
ASP-POTASSCO-regression                                                                                  
CPMP-2015-classification                                                                                  
CPMP-2015-classification                                                                                  
CPMP-2015-classification                                                                                  
CPMP-2015-classification                                                                                  
CPMP-2015-classification                                                                                  
CPMP-2015-classification                                                                                  
CPMP-2015-classification                                                                                  
CPMP-2015-classification                                                                                  
CPMP-2015-classification                                                                                  
CPMP-2015-classification                                                                                  
CPMP-2015-classification                                                                                  
CPMP-2015-regression                                                                                  
CPMP-2015-regression                                                                                  
CPMP-2015-regression                                                                                  
CPMP-2015-regression                                                                                  
CPMP-2015-regression                                                                                  
CPMP-2015-regression                                                                                  
CPMP-2015-regression                                                                                  
CPMP-2015-regression                                                                                  
CPMP-2015-regression                                                                                  
CPMP-2015-regression                                                                                  
CPMP-2015-runtime-classification                                                                                  
CPMP-2015-runtime-classification                                                                                  
CPMP-2015-runtime-classification                                                                                  
CPMP-2015-runtime-classification                                                                                  
CPMP-2015-runtime-classification                                                                                  
CPMP-2015-runtime-classification                                                                                  
CPMP-2015-runtime-classification                                                                                  
CPMP-2015-runtime-classification                                                                                  
CPMP-2015-runtime-classification                                                                                  
CPMP-2015-runtime-regression                                                                                  
CPMP-2015-runtime-regression                                                                                  
CPMP-2015-runtime-regression                                                                                  
CPMP-2015-runtime-regression                                                                                  
CPMP-2015-runtime-regression                                                                                  
CPMP-2015-runtime-regression                                                                                  
CPMP-2015-runtime-regression                                                                                  
CPMP-2015-runtime-regression                                                                                  
California-Housing-Classification                                                                                  
MIP-2016-PAR10-classification                                                                                  
MIP-2016-PAR10-classification                                                                                  
MIP-2016-PAR10-classification                                                                                  
MIP-2016-PAR10-classification                                                                                  
MIP-2016-PAR10-classification                                                                                  
MIP-2016-PAR10-classification                                                                                  
MIP-2016-PAR10-classification                                                                                  
MIP-2016-PAR10-classification                                                                                  
MIP-2016-PAR10-classification                                                                                  
MIP-2016-PAR10-regression                                                                                  
MIP-2016-PAR10-regression                                                                                  
MIP-2016-PAR10-regression                                                                                  
MIP-2016-PAR10-regression                                                                                  
MIP-2016-PAR10-regression                                                                                  
MIP-2016-PAR10-regression                                                                                  
MIP-2016-PAR10-regression                                                                                  
MIP-2016-PAR10-regression                                                                                  
MIP-2016-classification                                                                                  
MIP-2016-classification                                                                                  
MIP-2016-classification                                                                                  
MIP-2016-classification                                                                                  
MIP-2016-classification                                                                                  
MIP-2016-classification                                                                                  
MIP-2016-classification                                                                                  
MIP-2016-classification                                                                                  
MIP-2016-classification                                                                                  
MIP-2016-regression                                                                                  
MIP-2016-regression                                                                                  
MIP-2016-regression                                                                                  
MIP-2016-regression                                                                                  
MIP-2016-regression                                                                                  
MIP-2016-regression                                                                                  
MIP-2016-regression                                                                                  
MIP-2016-regression                                                                                  
MIP-2016-regression                                                                                  
MIP-2016-regression                                                                                  
MIP-2016-regression                                                                                  
Otto-Group-Product-Classification-Challenge                                                                                  
SAT11-HAND-runtime-classification                                                                                  
SAT11-HAND-runtime-classification                                                                                  
SAT11-HAND-runtime-classification                                                                                  
SAT11-HAND-runtime-classification                                                                                  
SAT11-HAND-runtime-classification                                                                                  
SAT11-HAND-runtime-classification                                                                                  
SAT11-HAND-runtime-classification                                                                                  
SAT11-HAND-runtime-classification                                                                                  
SAT11-HAND-runtime-classification                                                                                  
SAT11-HAND-runtime-regression                                                                                  
SAT11-HAND-runtime-regression                                                                                  
SAT11-HAND-runtime-regression                                                                                  
SAT11-HAND-runtime-regression                                                                                  
SAT11-HAND-runtime-regression                                                                                  
SAT11-HAND-runtime-regression                                                                                  
SAT11-HAND-runtime-regression                                                                                  
SAT11-HAND-runtime-regression                                                                                  
SAT11-HAND-runtime-regression                                                                                  

113 Rows. -- 1989 msec.
